2024-11-28 16:35:11,547 [INFO] Activator:177 - 


2024-11-28 16:35:11,548 [INFO] Activator:178 - !SESSION log4j initialized
2024-11-28 16:35:19,373 [INFO] McuFinderGlobals:39 - Set McuFinder mode to 2 (CubeIDE integrated)
2024-11-28 16:35:19,444 [INFO] ApplicationProperties:181 - Using Application install path: C:\ST\STM32CubeIDE_1.7.0\STM32CubeIDE\plugins\com.st.stm32cube.common.mx_6.3.0.202107141111
2024-11-28 16:35:19,450 [INFO] DbMcusXml:74 - Set database path to: C:\ST\STM32CubeIDE_1.7.0\STM32CubeIDE\plugins\com.st.stm32cube.common.mx_6.3.0.202107141111\\db\/mcu/
2024-11-28 16:35:19,453 [INFO] DbBoardsPdsc:56 - Set plugin database path to: C:\ST\STM32CubeIDE_1.7.0\STM32CubeIDE\plugins\com.st.stm32cube.common.mx_6.3.0.202107141111\\db\/plugins/boardmanager/
2024-11-28 16:35:19,453 [INFO] DbMcus:258 - Set plugin images path to: C:\ST\STM32CubeIDE_1.7.0\STM32CubeIDE\plugins\com.st.stm32cube.common.mx_6.3.0.202107141111\\db\/plugins/mcufinder/images/
2024-11-28 16:35:19,453 [INFO] DbBoards:264 - Set plugin images path to: C:\ST\STM32CubeIDE_1.7.0\STM32CubeIDE\plugins\com.st.stm32cube.common.mx_6.3.0.202107141111\\db\/plugins/mcufinder/images/
2024-11-28 16:35:19,454 [INFO] DbExamples:333 - Set plugin images path to: C:\ST\STM32CubeIDE_1.7.0\STM32CubeIDE\plugins\com.st.stm32cube.common.mx_6.3.0.202107141111\\db\/plugins/mcufinder/images/
2024-11-28 16:35:19,457 [INFO] DbMcusAds:119 - Set database path to: C:\Users\NGUYEN GIAP\.stmcufinder\plugins\mcufinder//mcu/
2024-11-28 16:35:19,457 [INFO] DbMcusDocs:110 - Set database path to: C:\Users\NGUYEN GIAP\.stmcufinder\plugins\mcufinder//mcu/
2024-11-28 16:35:19,459 [INFO] DbMcusJson:64 - Set database path to: C:\Users\NGUYEN GIAP\.stmcufinder\plugins\mcufinder//mcu/
2024-11-28 16:35:19,459 [INFO] DbBoardsDocs:110 - Set database path to: C:\Users\NGUYEN GIAP\.stmcufinder\plugins\mcufinder//mcu/
2024-11-28 16:35:19,460 [INFO] DbBoardsJson:57 - Set database path to: C:\Users\NGUYEN GIAP\.stmcufinder\plugins\mcufinder//mcu/
2024-11-28 16:35:19,461 [INFO] CrossReferenceDbSqlite:196 - Set database path to: C:\Users\NGUYEN GIAP\.stmcufinder\plugins\mcufinder//mcu/cs/
2024-11-28 16:35:19,463 [INFO] DbExamplesSqlite:767 - Set database path to: C:\Users\NGUYEN GIAP\.stmcufinder\plugins\mcufinder//mcu/
2024-11-28 16:35:19,522 [INFO] RulesReader:57 - Compatibility file has been processed (242 Rules)
2024-11-28 16:35:19,572 [INFO] DbMcusXml:74 - Set database path to: C:\ST\STM32CubeIDE_1.7.0\STM32CubeIDE\plugins\com.st.stm32cube.common.mx_6.3.0.202107141111\\db\/mcu/
2024-11-28 16:35:19,573 [INFO] DbBoardsPdsc:56 - Set plugin database path to: C:\ST\STM32CubeIDE_1.7.0\STM32CubeIDE\plugins\com.st.stm32cube.common.mx_6.3.0.202107141111\\db\/plugins/boardmanager/
2024-11-28 16:35:19,574 [INFO] DbMcus:258 - Set plugin images path to: C:\ST\STM32CubeIDE_1.7.0\STM32CubeIDE\plugins\com.st.stm32cube.common.mx_6.3.0.202107141111\\db\/plugins/mcufinder/images/
2024-11-28 16:35:19,574 [INFO] DbBoards:264 - Set plugin images path to: C:\ST\STM32CubeIDE_1.7.0\STM32CubeIDE\plugins\com.st.stm32cube.common.mx_6.3.0.202107141111\\db\/plugins/mcufinder/images/
2024-11-28 16:35:19,574 [INFO] DbExamples:333 - Set plugin images path to: C:\ST\STM32CubeIDE_1.7.0\STM32CubeIDE\plugins\com.st.stm32cube.common.mx_6.3.0.202107141111\\db\/plugins/mcufinder/images/
2024-11-28 16:35:19,574 [WARN] DbFile:35 - Overriding database path with different value: C:\Users\NGUYEN GIAP\.stmcufinder\plugins\mcufinder/ => C:\Users\NGUYEN GIAP\.stmcufinder\plugins\mcufinder
2024-11-28 16:35:19,574 [INFO] DbMcusAds:119 - Set database path to: C:\Users\NGUYEN GIAP\.stmcufinder\plugins\mcufinder//mcu/
2024-11-28 16:35:19,574 [WARN] DbFile:35 - Overriding database path with different value: C:\Users\NGUYEN GIAP\.stmcufinder\plugins\mcufinder/ => C:\Users\NGUYEN GIAP\.stmcufinder\plugins\mcufinder
2024-11-28 16:35:19,574 [INFO] DbMcusDocs:110 - Set database path to: C:\Users\NGUYEN GIAP\.stmcufinder\plugins\mcufinder//mcu/
2024-11-28 16:35:19,574 [WARN] DbFile:35 - Overriding database path with different value: C:\Users\NGUYEN GIAP\.stmcufinder\plugins\mcufinder/ => C:\Users\NGUYEN GIAP\.stmcufinder\plugins\mcufinder
2024-11-28 16:35:19,574 [INFO] DbMcusJson:64 - Set database path to: C:\Users\NGUYEN GIAP\.stmcufinder\plugins\mcufinder//mcu/
2024-11-28 16:35:19,574 [WARN] DbFile:35 - Overriding database path with different value: C:\Users\NGUYEN GIAP\.stmcufinder\plugins\mcufinder/ => C:\Users\NGUYEN GIAP\.stmcufinder\plugins\mcufinder
2024-11-28 16:35:19,574 [INFO] DbBoardsDocs:110 - Set database path to: C:\Users\NGUYEN GIAP\.stmcufinder\plugins\mcufinder//mcu/
2024-11-28 16:35:19,574 [WARN] DbFile:35 - Overriding database path with different value: C:\Users\NGUYEN GIAP\.stmcufinder\plugins\mcufinder/ => C:\Users\NGUYEN GIAP\.stmcufinder\plugins\mcufinder
2024-11-28 16:35:19,575 [INFO] DbBoardsJson:57 - Set database path to: C:\Users\NGUYEN GIAP\.stmcufinder\plugins\mcufinder//mcu/
2024-11-28 16:35:19,575 [WARN] DbFile:35 - Overriding database path with different value: C:\Users\NGUYEN GIAP\.stmcufinder\plugins\mcufinder/ => C:\Users\NGUYEN GIAP\.stmcufinder\plugins\mcufinder
2024-11-28 16:35:19,575 [WARN] DbFile:35 - Overriding database path with different value: C:\Users\NGUYEN GIAP\.stmcufinder\plugins\mcufinder/ => C:\Users\NGUYEN GIAP\.stmcufinder\plugins\mcufinder
2024-11-28 16:35:19,575 [INFO] CrossReferenceDbSqlite:196 - Set database path to: C:\Users\NGUYEN GIAP\.stmcufinder\plugins\mcufinder//mcu/cs/
2024-11-28 16:35:19,575 [WARN] DbFile:35 - Overriding database path with different value: C:\Users\NGUYEN GIAP\.stmcufinder\plugins\mcufinder/ => C:\Users\NGUYEN GIAP\.stmcufinder\plugins\mcufinder
2024-11-28 16:35:19,575 [INFO] DbExamplesSqlite:767 - Set database path to: C:\Users\NGUYEN GIAP\.stmcufinder\plugins\mcufinder//mcu/
2024-11-28 16:35:19,614 [INFO] MainPanel:214 - HeapMemory: 268435456
2024-11-28 16:35:19,655 [INFO] DbMcusXml:74 - Set database path to: C:\ST\STM32CubeIDE_1.7.0\STM32CubeIDE\plugins\com.st.stm32cube.common.mx_6.3.0.202107141111\\db\/mcu/
2024-11-28 16:35:19,655 [INFO] DbBoardsPdsc:56 - Set plugin database path to: C:\ST\STM32CubeIDE_1.7.0\STM32CubeIDE\plugins\com.st.stm32cube.common.mx_6.3.0.202107141111\\db\/plugins/boardmanager/
2024-11-28 16:35:19,655 [INFO] DbMcus:258 - Set plugin images path to: C:\ST\STM32CubeIDE_1.7.0\STM32CubeIDE\plugins\com.st.stm32cube.common.mx_6.3.0.202107141111\\db\/plugins/mcufinder/images/
2024-11-28 16:35:19,655 [INFO] DbBoards:264 - Set plugin images path to: C:\ST\STM32CubeIDE_1.7.0\STM32CubeIDE\plugins\com.st.stm32cube.common.mx_6.3.0.202107141111\\db\/plugins/mcufinder/images/
2024-11-28 16:35:19,655 [INFO] DbExamples:333 - Set plugin images path to: C:\ST\STM32CubeIDE_1.7.0\STM32CubeIDE\plugins\com.st.stm32cube.common.mx_6.3.0.202107141111\\db\/plugins/mcufinder/images/
2024-11-28 16:35:19,656 [WARN] DbFile:35 - Overriding database path with different value: C:\Users\NGUYEN GIAP\.stmcufinder\plugins\mcufinder/ => C:\Users\NGUYEN GIAP\.stmcufinder\plugins\mcufinder
2024-11-28 16:35:19,656 [INFO] DbMcusAds:119 - Set database path to: C:\Users\NGUYEN GIAP\.stmcufinder\plugins\mcufinder//mcu/
2024-11-28 16:35:19,656 [WARN] DbFile:35 - Overriding database path with different value: C:\Users\NGUYEN GIAP\.stmcufinder\plugins\mcufinder/ => C:\Users\NGUYEN GIAP\.stmcufinder\plugins\mcufinder
2024-11-28 16:35:19,656 [INFO] DbMcusDocs:110 - Set database path to: C:\Users\NGUYEN GIAP\.stmcufinder\plugins\mcufinder//mcu/
2024-11-28 16:35:19,656 [WARN] DbFile:35 - Overriding database path with different value: C:\Users\NGUYEN GIAP\.stmcufinder\plugins\mcufinder/ => C:\Users\NGUYEN GIAP\.stmcufinder\plugins\mcufinder
2024-11-28 16:35:19,656 [INFO] DbMcusJson:64 - Set database path to: C:\Users\NGUYEN GIAP\.stmcufinder\plugins\mcufinder//mcu/
2024-11-28 16:35:19,656 [WARN] DbFile:35 - Overriding database path with different value: C:\Users\NGUYEN GIAP\.stmcufinder\plugins\mcufinder/ => C:\Users\NGUYEN GIAP\.stmcufinder\plugins\mcufinder
2024-11-28 16:35:19,656 [INFO] DbBoardsDocs:110 - Set database path to: C:\Users\NGUYEN GIAP\.stmcufinder\plugins\mcufinder//mcu/
2024-11-28 16:35:19,656 [WARN] DbFile:35 - Overriding database path with different value: C:\Users\NGUYEN GIAP\.stmcufinder\plugins\mcufinder/ => C:\Users\NGUYEN GIAP\.stmcufinder\plugins\mcufinder
2024-11-28 16:35:19,656 [INFO] DbBoardsJson:57 - Set database path to: C:\Users\NGUYEN GIAP\.stmcufinder\plugins\mcufinder//mcu/
2024-11-28 16:35:19,656 [WARN] DbFile:35 - Overriding database path with different value: C:\Users\NGUYEN GIAP\.stmcufinder\plugins\mcufinder/ => C:\Users\NGUYEN GIAP\.stmcufinder\plugins\mcufinder
2024-11-28 16:35:19,656 [WARN] DbFile:35 - Overriding database path with different value: C:\Users\NGUYEN GIAP\.stmcufinder\plugins\mcufinder/ => C:\Users\NGUYEN GIAP\.stmcufinder\plugins\mcufinder
2024-11-28 16:35:19,656 [INFO] CrossReferenceDbSqlite:196 - Set database path to: C:\Users\NGUYEN GIAP\.stmcufinder\plugins\mcufinder//mcu/cs/
2024-11-28 16:35:19,656 [WARN] DbFile:35 - Overriding database path with different value: C:\Users\NGUYEN GIAP\.stmcufinder\plugins\mcufinder/ => C:\Users\NGUYEN GIAP\.stmcufinder\plugins\mcufinder
2024-11-28 16:35:19,657 [INFO] DbExamplesSqlite:767 - Set database path to: C:\Users\NGUYEN GIAP\.stmcufinder\plugins\mcufinder//mcu/
2024-11-28 16:35:19,668 [INFO] ApplicationProperties:181 - Using Application install path: C:\ST\STM32CubeIDE_1.7.0\STM32CubeIDE\plugins\com.st.stm32cube.common.mx_6.3.0.202107141111
2024-11-28 16:35:19,668 [INFO] PluginManage:188 - Search for loadable plugins [exclusion list=, ]
2024-11-28 16:35:19,669 [INFO] PluginManage:302 - Check plugin analytics
2024-11-28 16:35:19,762 [INFO] AnalyticsPlugin:257 - Accepted Software Licenses: 
2024-11-28 16:35:19,763 [INFO] AnalyticsPlugin:259 - Accepted CMSIS Pack Licenses: 
2024-11-28 16:35:19,763 [INFO] AnalyticsPlugin:261 - Accepted Firmware Licenses: 
2024-11-28 16:35:19,763 [INFO] PluginManage:352 - Loaded plugin analytics (category:tool,tabindex:-1)
2024-11-28 16:35:19,763 [INFO] PluginManage:302 - Check plugin clock
2024-11-28 16:35:19,770 [INFO] PluginManage:352 - Loaded plugin clock (category:base,tabindex:2)
2024-11-28 16:35:19,770 [INFO] PluginManage:302 - Check plugin ddr
2024-11-28 16:35:19,771 [INFO] PluginManage:352 - Loaded plugin ddr (category:tool,tabindex:6)
2024-11-28 16:35:19,771 [INFO] PluginManage:302 - Check plugin filemanager
2024-11-28 16:35:19,853 [INFO] PluginManage:352 - Loaded plugin filemanager (category:base,tabindex:10)
2024-11-28 16:35:19,853 [INFO] PluginManage:302 - Check plugin ipmanager
2024-11-28 16:35:19,858 [INFO] PluginManage:352 - Loaded plugin ipmanager (category:base,tabindex:5)
2024-11-28 16:35:19,858 [INFO] PluginManage:302 - Check plugin pinoutandconfiguration
2024-11-28 16:35:19,863 [INFO] PluginManage:352 - Loaded plugin pinoutandconfiguration (category:base,tabindex:1)
2024-11-28 16:35:19,863 [INFO] PluginManage:302 - Check plugin pinoutconfig
2024-11-28 16:35:19,898 [INFO] PluginManage:352 - Loaded plugin pinoutconfig (category:base,tabindex:0)
2024-11-28 16:35:19,898 [INFO] PluginManage:302 - Check plugin power
2024-11-28 16:35:19,904 [INFO] PluginManage:352 - Loaded plugin power (category:power,tabindex:4)
2024-11-28 16:35:19,904 [INFO] PluginManage:302 - Check plugin projectmanager
2024-11-28 16:35:19,915 [INFO] PluginManage:352 - Loaded plugin projectmanager (category:projectmanager,tabindex:3)
2024-11-28 16:35:19,916 [INFO] PluginManage:302 - Check plugin thirdparty
2024-11-28 16:35:19,984 [INFO] PluginManage:352 - Loaded plugin thirdparty (category:base,tabindex:-1)
2024-11-28 16:35:19,984 [INFO] PluginManage:302 - Check plugin tools
2024-11-28 16:35:19,985 [WARN] IntegrityCheckThread:78 - waiting for thirdparty lock release [integrity check]
2024-11-28 16:35:19,986 [INFO] IntegrityCheckThread:80 - entering critical section [integrity check]
2024-11-28 16:35:19,986 [INFO] ThirdPartyUpdaterWithRetryManager:66 - Updater plugin not ready yet. [1/15]
2024-11-28 16:35:19,987 [INFO] PluginManage:352 - Loaded plugin tools (category:base,tabindex:7)
2024-11-28 16:35:19,987 [INFO] PluginManage:302 - Check plugin tutovideos
2024-11-28 16:35:20,113 [INFO] PluginManage:352 - Loaded plugin tutovideos (category:base,tabindex:-1)
2024-11-28 16:35:20,113 [INFO] PluginManage:302 - Check plugin updater
2024-11-28 16:35:20,122 [INFO] PluginManage:352 - Loaded plugin updater (category:base,tabindex:12)
2024-11-28 16:35:20,123 [INFO] PluginManage:275 - PluginManage : Loaded plugins [13]
2024-11-28 16:35:20,221 [INFO] PinOutPanel:1463 - setPackage(No Configuration,No Configuration)
2024-11-28 16:35:20,275 [INFO] IPUIPlugin:74 - create IPUIPlugin
2024-11-28 16:35:20,275 [INFO] PluginManager:213 - loadIPPluginJar : add adc
2024-11-28 16:35:20,276 [INFO] IPUIPlugin:74 - create IPUIPlugin
2024-11-28 16:35:20,276 [INFO] PluginManager:213 - loadIPPluginJar : add aes
2024-11-28 16:35:20,278 [INFO] IPUIPlugin:74 - create IPUIPlugin
2024-11-28 16:35:20,278 [INFO] PluginManager:213 - loadIPPluginJar : add can
2024-11-28 16:35:20,279 [INFO] IPUIPlugin:74 - create IPUIPlugin
2024-11-28 16:35:20,279 [INFO] PluginManager:213 - loadIPPluginJar : add comp
2024-11-28 16:35:20,280 [INFO] IPUIPlugin:74 - create IPUIPlugin
2024-11-28 16:35:20,280 [INFO] PluginManager:213 - loadIPPluginJar : add cryp
2024-11-28 16:35:20,281 [INFO] IPUIPlugin:74 - create IPUIPlugin
2024-11-28 16:35:20,281 [INFO] PluginManager:213 - loadIPPluginJar : add dfsdm
2024-11-28 16:35:20,285 [INFO] IPUIPlugin:74 - create IPUIPlugin
2024-11-28 16:35:20,285 [INFO] PluginManager:213 - loadIPPluginJar : add dma
2024-11-28 16:35:20,286 [INFO] IPUIPlugin:74 - create IPUIPlugin
2024-11-28 16:35:20,287 [INFO] PluginManager:213 - loadIPPluginJar : add dma3
2024-11-28 16:35:20,287 [INFO] IPUIPlugin:74 - create IPUIPlugin
2024-11-28 16:35:20,287 [INFO] PluginManager:213 - loadIPPluginJar : add fatfs
2024-11-28 16:35:20,290 [INFO] IPUIPlugin:74 - create IPUIPlugin
2024-11-28 16:35:20,290 [INFO] PluginManager:213 - loadIPPluginJar : add fmc
2024-11-28 16:35:20,293 [INFO] IPUIPlugin:74 - create IPUIPlugin
2024-11-28 16:35:20,294 [INFO] PluginManager:213 - loadIPPluginJar : add freertos
2024-11-28 16:35:20,294 [INFO] IPUIPlugin:74 - create IPUIPlugin
2024-11-28 16:35:20,294 [INFO] PluginManager:213 - loadIPPluginJar : add genericplugin
2024-11-28 16:35:20,295 [INFO] IPUIPlugin:74 - create IPUIPlugin
2024-11-28 16:35:20,295 [INFO] PluginManager:213 - loadIPPluginJar : add gfxmmu
2024-11-28 16:35:20,298 [INFO] IPUIPlugin:74 - create IPUIPlugin
2024-11-28 16:35:20,298 [INFO] PluginManager:213 - loadIPPluginJar : add gic
2024-11-28 16:35:20,300 [INFO] IPUIPlugin:74 - create IPUIPlugin
2024-11-28 16:35:20,300 [INFO] PluginManager:213 - loadIPPluginJar : add gpio
2024-11-28 16:35:20,302 [INFO] IPUIPlugin:74 - create IPUIPlugin
2024-11-28 16:35:20,302 [INFO] PluginManager:213 - loadIPPluginJar : add gtzc
2024-11-28 16:35:20,303 [INFO] IPUIPlugin:74 - create IPUIPlugin
2024-11-28 16:35:20,303 [INFO] PluginManager:213 - loadIPPluginJar : add hash
2024-11-28 16:35:20,304 [INFO] IPUIPlugin:74 - create IPUIPlugin
2024-11-28 16:35:20,304 [INFO] PluginManager:213 - loadIPPluginJar : add i2c
2024-11-28 16:35:20,306 [INFO] IPUIPlugin:74 - create IPUIPlugin
2024-11-28 16:35:20,306 [INFO] PluginManager:213 - loadIPPluginJar : add i2s
2024-11-28 16:35:20,307 [INFO] IPUIPlugin:74 - create IPUIPlugin
2024-11-28 16:35:20,307 [INFO] PluginManager:213 - loadIPPluginJar : add ipddr
2024-11-28 16:35:20,311 [INFO] IPUIPlugin:74 - create IPUIPlugin
2024-11-28 16:35:20,311 [INFO] PluginManager:213 - loadIPPluginJar : add linkedlist
2024-11-28 16:35:20,313 [INFO] IPUIPlugin:74 - create IPUIPlugin
2024-11-28 16:35:20,313 [INFO] PluginManager:213 - loadIPPluginJar : add lorawan
2024-11-28 16:35:20,313 [INFO] IPUIPlugin:74 - create IPUIPlugin
2024-11-28 16:35:20,313 [INFO] PluginManager:213 - loadIPPluginJar : add ltdc
2024-11-28 16:35:20,315 [INFO] IPUIPlugin:74 - create IPUIPlugin
2024-11-28 16:35:20,315 [INFO] PluginManager:213 - loadIPPluginJar : add mdma
2024-11-28 16:35:20,317 [INFO] IPUIPlugin:74 - create IPUIPlugin
2024-11-28 16:35:20,317 [INFO] PluginManager:213 - loadIPPluginJar : add nvic
2024-11-28 16:35:20,319 [INFO] IPUIPlugin:74 - create IPUIPlugin
2024-11-28 16:35:20,319 [INFO] PluginManager:213 - loadIPPluginJar : add opamp
2024-11-28 16:35:20,320 [INFO] IPUIPlugin:74 - create IPUIPlugin
2024-11-28 16:35:20,320 [INFO] PluginManager:213 - loadIPPluginJar : add openamp
2024-11-28 16:35:20,322 [INFO] IPUIPlugin:74 - create IPUIPlugin
2024-11-28 16:35:20,322 [INFO] PluginManager:213 - loadIPPluginJar : add pdm2pcm
2024-11-28 16:35:20,339 [INFO] IPUIPlugin:74 - create IPUIPlugin
2024-11-28 16:35:20,343 [INFO] PluginManager:213 - loadIPPluginJar : add plateformsettings
2024-11-28 16:35:20,345 [INFO] IPUIPlugin:74 - create IPUIPlugin
2024-11-28 16:35:20,345 [INFO] PluginManager:213 - loadIPPluginJar : add quadspi
2024-11-28 16:35:20,348 [INFO] IPUIPlugin:74 - create IPUIPlugin
2024-11-28 16:35:20,348 [INFO] PluginManager:213 - loadIPPluginJar : add resmgrutility
2024-11-28 16:35:20,350 [INFO] IPUIPlugin:74 - create IPUIPlugin
2024-11-28 16:35:20,351 [INFO] PluginManager:213 - loadIPPluginJar : add sai
2024-11-28 16:35:20,353 [INFO] IPUIPlugin:74 - create IPUIPlugin
2024-11-28 16:35:20,353 [INFO] PluginManager:213 - loadIPPluginJar : add spi
2024-11-28 16:35:20,357 [INFO] IPUIPlugin:74 - create IPUIPlugin
2024-11-28 16:35:20,357 [INFO] PluginManager:213 - loadIPPluginJar : add stm32_wpan
2024-11-28 16:35:20,358 [INFO] IPUIPlugin:74 - create IPUIPlugin
2024-11-28 16:35:20,358 [INFO] PluginManager:213 - loadIPPluginJar : add tim
2024-11-28 16:35:20,361 [INFO] IPUIPlugin:74 - create IPUIPlugin
2024-11-28 16:35:20,361 [INFO] PluginManager:213 - loadIPPluginJar : add touchsensing
2024-11-28 16:35:20,362 [INFO] IPUIPlugin:74 - create IPUIPlugin
2024-11-28 16:35:20,362 [INFO] PluginManager:213 - loadIPPluginJar : add tracer_emb
2024-11-28 16:35:20,364 [INFO] IPUIPlugin:74 - create IPUIPlugin
2024-11-28 16:35:20,364 [INFO] PluginManager:213 - loadIPPluginJar : add ts
2024-11-28 16:35:20,365 [INFO] IPUIPlugin:74 - create IPUIPlugin
2024-11-28 16:35:20,366 [INFO] PluginManager:213 - loadIPPluginJar : add tsc
2024-11-28 16:35:20,368 [INFO] IPUIPlugin:74 - create IPUIPlugin
2024-11-28 16:35:20,368 [INFO] PluginManager:213 - loadIPPluginJar : add ucpd
2024-11-28 16:35:20,370 [INFO] IPUIPlugin:74 - create IPUIPlugin
2024-11-28 16:35:20,370 [INFO] PluginManager:213 - loadIPPluginJar : add usart
2024-11-28 16:35:20,372 [INFO] IPUIPlugin:74 - create IPUIPlugin
2024-11-28 16:35:20,372 [INFO] PluginManager:213 - loadIPPluginJar : add usbx
2024-11-28 16:35:20,606 [FATAL] Updater:294 - Updater called before beeing initialized
2024-11-28 16:35:20,680 [FATAL] Updater:294 - Updater called before beeing initialized
2024-11-28 16:35:20,683 [INFO] DbMcusAds:47 - JSON generation date=Fri Sep 20 20:04:38 ICT 2024 (1726837478367)
2024-11-28 16:35:20,683 [FATAL] Updater:294 - Updater called before beeing initialized
2024-11-28 16:35:20,708 [WARN] DetailPanel:314 - Failed to get advertising image, set to default
2024-11-28 16:35:20,775 [FATAL] Updater:294 - Updater called before beeing initialized
2024-11-28 16:35:20,776 [FATAL] Updater:294 - Updater called before beeing initialized
2024-11-28 16:35:20,776 [FATAL] Updater:294 - Updater called before beeing initialized
2024-11-28 16:35:20,777 [WARN] DetailPanel:314 - Failed to get advertising image, set to default
2024-11-28 16:35:20,778 [FATAL] Updater:294 - Updater called before beeing initialized
2024-11-28 16:35:20,813 [ERROR] Updater:1075 - MainUpdater not yet initialized. External WinMGr cannot be set.
2024-11-28 16:35:20,815 [INFO] Updater:1012 - Updater Version found : 6.3.0
2024-11-28 16:35:20,827 [INFO] ApplicationProperties:181 - Using Application install path: C:\ST\STM32CubeIDE_1.7.0\STM32CubeIDE\plugins\com.st.stm32cube.common.mx_6.3.0.202107141111
2024-11-28 16:35:21,028 [INFO] MainUpdater:2671 - connection check result : 10
2024-11-28 16:35:21,029 [INFO] MainUpdater:265 - Updater Check For Update Now.
2024-11-28 16:35:21,030 [INFO] MicroXplorer:478 - Change Database Version : DB.6.0.30
2024-11-28 16:35:21,181 [INFO] CheckServerUpdateThread:112 - End of CheckServer Thread
2024-11-28 16:35:21,252 [INFO] MainUpdater:2671 - connection check result : 10
2024-11-28 16:35:21,257 [INFO] McuFinderGlobals:52 - Set McuFinderConnectedMode to true
2024-11-28 16:35:21,464 [INFO] ServerAccessManage:362 - Download File mcusAds.json._tmp_
2024-11-28 16:35:21,584 [INFO] LoadUrlFilesThread:145 - End of LoadUrlFiles Thread
2024-11-28 16:35:22,213 [INFO] ServerAccessManage:362 - Download File mcusDocs.json._tmp_
2024-11-28 16:35:22,960 [INFO] LoadUrlFilesThread:145 - End of LoadUrlFiles Thread
2024-11-28 16:35:22,998 [WARN] MainUpdater:1122 - Updater busy. Cannot search thirdparties
2024-11-28 16:35:22,998 [INFO] ThirdPartyUpdaterWithRetryManager:92 - Updater plugin is busy. [1/15]
2024-11-28 16:35:23,145 [INFO] ServerAccessManage:362 - Download File mcusFeaturesAndDescription.json._tmp_
2024-11-28 16:35:26,011 [WARN] MainUpdater:1122 - Updater busy. Cannot search thirdparties
2024-11-28 16:35:26,011 [INFO] ThirdPartyUpdaterWithRetryManager:92 - Updater plugin is busy. [2/15]
2024-11-28 16:35:26,426 [INFO] LoadUrlFilesThread:145 - End of LoadUrlFiles Thread
2024-11-28 16:35:26,621 [INFO] ServerAccessManage:362 - Download File boardsDocs.json._tmp_
2024-11-28 16:35:26,766 [INFO] LoadUrlFilesThread:145 - End of LoadUrlFiles Thread
2024-11-28 16:35:26,932 [INFO] ServerAccessManage:362 - Download File boards.json._tmp_
2024-11-28 16:35:27,225 [INFO] LoadUrlFilesThread:145 - End of LoadUrlFiles Thread
2024-11-28 16:35:27,393 [INFO] ServerAccessManage:362 - Download File cube-finder-db.zip
2024-11-28 16:35:29,025 [WARN] MainUpdater:1122 - Updater busy. Cannot search thirdparties
2024-11-28 16:35:29,025 [INFO] ThirdPartyUpdaterWithRetryManager:92 - Updater plugin is busy. [3/15]
2024-11-28 16:35:32,031 [WARN] MainUpdater:1122 - Updater busy. Cannot search thirdparties
2024-11-28 16:35:32,031 [INFO] ThirdPartyUpdaterWithRetryManager:92 - Updater plugin is busy. [4/15]
2024-11-28 16:35:35,037 [WARN] MainUpdater:1122 - Updater busy. Cannot search thirdparties
2024-11-28 16:35:35,037 [INFO] ThirdPartyUpdaterWithRetryManager:92 - Updater plugin is busy. [5/15]
2024-11-28 16:35:38,047 [WARN] MainUpdater:1122 - Updater busy. Cannot search thirdparties
2024-11-28 16:35:38,047 [INFO] ThirdPartyUpdaterWithRetryManager:92 - Updater plugin is busy. [6/15]
2024-11-28 16:35:38,570 [INFO] FileExtend:235 - Unzip File : cube-finder-db.zip
2024-11-28 16:35:38,570 [INFO] FileExtend:250 - Standard Zip Deflate
2024-11-28 16:35:39,613 [INFO] LoadUrlFilesThread:145 - End of LoadUrlFiles Thread
2024-11-28 16:35:40,878 [INFO] ServerAccessManage:362 - Download File crdb.zip
2024-11-28 16:35:41,061 [WARN] MainUpdater:1122 - Updater busy. Cannot search thirdparties
2024-11-28 16:35:41,061 [INFO] ThirdPartyUpdaterWithRetryManager:92 - Updater plugin is busy. [7/15]
2024-11-28 16:35:42,598 [INFO] FileExtend:235 - Unzip File : crdb.zip
2024-11-28 16:35:42,599 [INFO] FileExtend:250 - Standard Zip Deflate
2024-11-28 16:35:42,753 [INFO] LoadUrlFilesThread:145 - End of LoadUrlFiles Thread
2024-11-28 16:35:42,934 [INFO] ServerAccessManage:362 - Download File tutoVideoDB.zip
2024-11-28 16:35:43,001 [INFO] FileExtend:235 - Unzip File : tutoVideoDB.zip
2024-11-28 16:35:43,001 [INFO] FileExtend:250 - Standard Zip Deflate
2024-11-28 16:35:43,124 [INFO] LoadUrlFilesThread:145 - End of LoadUrlFiles Thread
2024-11-28 16:35:43,125 [INFO] DbMcusAds:47 - JSON generation date=Fri Sep 20 20:04:38 ICT 2024 (1726837478367)
2024-11-28 16:35:43,141 [INFO] DbMcusDocs:143 - JSON generation date=Tue Nov 16 23:17:54 ICT 2021 (1637079474)
2024-11-28 16:35:43,142 [INFO] DbMcusXml:100 - Load MCU database from C:\ST\STM32CubeIDE_1.7.0\STM32CubeIDE\plugins\com.st.stm32cube.common.mx_6.3.0.202107141111\\db\/mcu/families.xml
2024-11-28 16:35:43,866 [INFO] DbMcusJson:93 - JSON generation date=Tue Nov 16 23:17:54 ICT 2021 (1637079474)
2024-11-28 16:35:44,256 [ERROR] Engine:463 - C:\Users\NGUYEN GIAP\.stm32cubemx\thirdparties\pdsc\STMicroelectronics.FP-SNS-MOTENVWB1.1.4.0.pdsc: PDSC version is not supported
2024-11-28 16:35:44,298 [WARN] PackLoader:238 - Cannot read IP mode file for STMicroelectronics.FP-ATR-ASTRA1.2.0.1
2024-11-28 16:35:44,312 [ERROR] Engine:463 - C:\Users\NGUYEN GIAP\.stm32cubemx\thirdparties\pdsc\STMicroelectronics.X-CUBE-SMBUS.2.1.0.pdsc: PDSC version is not supported
2024-11-28 16:35:44,336 [WARN] PackLoader:238 - Cannot read IP mode file for STMicroelectronics.X-CUBE-WB05N.1.1.0
2024-11-28 16:35:44,381 [WARN] PackLoader:238 - Cannot read IP mode file for STMicroelectronics.X-CUBE-AZRTOS-F7.1.1.0
2024-11-28 16:35:44,485 [WARN] PackLoader:238 - Cannot read IP mode file for STMicroelectronics.X-CUBE-MEMS1.11.0.0
2024-11-28 16:35:44,566 [INFO] DbMcus:175 - Found 1951 MCUs (1903 are supported by CubeMX, 1914 are visible in CubeMX)
2024-11-28 16:35:44,566 [INFO] ApiDb:251 - Load user favorites file C:\Users\NGUYEN GIAP/.stm32cubeide/favorites.mcus.txt: 0 item(s)
2024-11-28 16:35:44,566 [INFO] ApiDb:255 - User favorites MCUs=[]
2024-11-28 16:35:44,567 [INFO] DbMcus:187 - Set 0 / 0 favorites MCUs
2024-11-28 16:35:44,662 [ERROR] Engine:463 - C:\Users\NGUYEN GIAP\.stm32cubemx\thirdparties\pdsc\STMicroelectronics.FP-SNS-FLIGHT1.5.0.2.pdsc: PDSC version is not supported
2024-11-28 16:35:44,674 [ERROR] Engine:463 - C:\Users\NGUYEN GIAP\.stm32cubemx\thirdparties\pdsc\STMicroelectronics.X-CUBE-DISPLAY.3.0.0.pdsc: PDSC version is not supported
2024-11-28 16:35:44,686 [WARN] PackLoader:238 - Cannot read IP mode file for STMicroelectronics.X-CUBE-BLE1.7.0.0
2024-11-28 16:35:44,701 [WARN] PackLoader:238 - Cannot read IP mode file for STMicroelectronics.X-CUBE-NFC10.1.0.0
2024-11-28 16:35:44,713 [ERROR] Engine:463 - C:\Users\NGUYEN GIAP\.stm32cubemx\thirdparties\pdsc\emotas.I-CUBE-CANOPEN.1.3.0.pdsc: PDSC version is not supported
2024-11-28 16:35:44,739 [ERROR] Engine:463 - C:\Users\NGUYEN GIAP\.stm32cubemx\thirdparties\pdsc\STMicroelectronics.X-CUBE-BLEMGR.3.1.0.pdsc: PDSC version is not supported
2024-11-28 16:35:44,750 [ERROR] Engine:463 - C:\Users\NGUYEN GIAP\.stm32cubemx\thirdparties\pdsc\STMicroelectronics.FP-SNS-SMARTAG2.1.2.0.pdsc: PDSC version is not supported
2024-11-28 16:35:44,768 [INFO] LogOutputStream:76 - [STDOUT_REDIRECT] 1 : Invalid condition id : UX_CORESTACK_Condition cause : null
2024-11-28 16:35:44,770 [INFO] LogOutputStream:76 - [STDOUT_REDIRECT] 1 : Invalid condition id : UX_CORESTACK_Condition cause : null
2024-11-28 16:35:44,770 [INFO] LogOutputStream:76 - [STDOUT_REDIRECT] 1 : Invalid condition id : UX_CORESTACK_Condition cause : null
2024-11-28 16:35:44,771 [INFO] LogOutputStream:76 - [STDOUT_REDIRECT] 1 : Invalid condition id : UX_CORESTACK_Condition cause : null
2024-11-28 16:35:44,772 [INFO] LogOutputStream:76 - [STDOUT_REDIRECT] 1 : Invalid condition id : UX_CORESTACK_Condition cause : null
2024-11-28 16:35:44,775 [WARN] PackLoader:238 - Cannot read IP mode file for STMicroelectronics.X-CUBE-AZRTOS-WL.2.0.0
2024-11-28 16:35:44,788 [ERROR] Engine:463 - C:\Users\NGUYEN GIAP\.stm32cubemx\thirdparties\pdsc\STMicroelectronics.FP-SNS-MOTENV1.5.0.0.pdsc: PDSC version is not supported
2024-11-28 16:35:44,799 [WARN] PackLoader:238 - Cannot read IP mode file for wolfSSL.I-CUBE-wolfMQTT.1.19.0
2024-11-28 16:35:44,813 [WARN] PackLoader:238 - Cannot read IP mode file for WES.I-CUBE-Cesium.1.3.0
2024-11-28 16:35:44,828 [WARN] PackLoader:238 - Cannot read IP mode file for STMicroelectronics.X-CUBE-BLE2.3.3.0
2024-11-28 16:35:44,846 [WARN] PackLoader:238 - Cannot read IP mode file for STMicroelectronics.X-CUBE-NFC9.1.0.0
2024-11-28 16:35:44,864 [ERROR] Engine:463 - C:\Users\NGUYEN GIAP\.stm32cubemx\thirdparties\pdsc\STMicroelectronics.X-CUBE-TCPP.4.1.0.pdsc: PDSC version is not supported
2024-11-28 16:35:44,890 [WARN] PackLoader:238 - Cannot read IP mode file for STMicroelectronics.X-CUBE-AZRTOS-G0.1.1.0
2024-11-28 16:35:44,900 [INFO] DbMcusDocs:79 - Found 682 MCUs documents
2024-11-28 16:35:44,901 [INFO] ApiDb:276 - Save user favorites file C:\Users\NGUYEN GIAP/.stm32cubeide/favorites.mcus.txt: 0 item(s)
2024-11-28 16:35:44,902 [INFO] ApiDb:280 - User favorites MCUs=[]
2024-11-28 16:35:44,902 [INFO] DbMcusXml:100 - Load MCU database from C:\ST\STM32CubeIDE_1.7.0\STM32CubeIDE\plugins\com.st.stm32cube.common.mx_6.3.0.202107141111\\db\/mcu/families.xml
2024-11-28 16:35:44,906 [WARN] PackLoader:238 - Cannot read IP mode file for STMicroelectronics.X-CUBE-SAFEA1.1.2.2
2024-11-28 16:35:44,920 [WARN] PackLoader:238 - Cannot read IP mode file for STMicroelectronics.X-CUBE-NFC4.3.0.0
2024-11-28 16:35:44,931 [ERROR] Engine:463 - C:\Users\NGUYEN GIAP\.stm32cubemx\thirdparties\pdsc\EmbeddedOffice.I-CUBE-FS-RTOS.1.0.1.pdsc: PDSC version is not supported
2024-11-28 16:35:44,942 [ERROR] Engine:463 - C:\Users\NGUYEN GIAP\.stm32cubemx\thirdparties\pdsc\RealThread.X-CUBE-RT-Thread_Nano.4.1.1.pdsc: PDSC version is not supported
2024-11-28 16:35:44,952 [WARN] PackLoader:238 - Cannot read IP mode file for STMicroelectronics.FP-ATR-SIGFOX1.3.2.0
2024-11-28 16:35:44,964 [WARN] PackLoader:238 - Cannot read IP mode file for wolfSSL.I-CUBE-wolfSSL.5.7.2
2024-11-28 16:35:44,973 [ERROR] Engine:463 - C:\Users\NGUYEN GIAP\.stm32cubemx\thirdparties\pdsc\quantropi.X-CUBE-qispace-sdk-base.1.9.3.pdsc: PDSC version is not supported
2024-11-28 16:35:44,988 [WARN] PackLoader:238 - Cannot read IP mode file for STMicroelectronics.X-CUBE-EEPRMA1.5.1.0
2024-11-28 16:35:45,022 [ERROR] Engine:463 - C:\Users\NGUYEN GIAP\.stm32cubemx\thirdparties\pdsc\ITTIA_DB.I-CUBE-ITTIADB.8.9.0.pdsc: PDSC version is not supported
2024-11-28 16:35:45,104 [WARN] PackLoader:238 - Cannot read IP mode file for SEGGER.I-CUBE-embOS.1.3.1
2024-11-28 16:35:45,195 [WARN] PackLoader:238 - Cannot read IP mode file for STMicroelectronics.X-CUBE-ALGOBUILD.1.4.0
2024-11-28 16:35:45,206 [WARN] PackLoader:238 - Cannot read IP mode file for STMicroelectronics.X-CUBE-AI.9.1.0
2024-11-28 16:35:45,220 [WARN] PackLoader:238 - Cannot read IP mode file for STMicroelectronics.X-CUBE-GNSS1.6.0.0
2024-11-28 16:35:45,248 [WARN] PackLoader:238 - Cannot read IP mode file for STMicroelectronics.X-CUBE-AZRTOS-F4.1.1.0
2024-11-28 16:35:45,264 [WARN] PackLoader:238 - Cannot read IP mode file for STMicroelectronics.X-CUBE-ISPU.2.1.0
2024-11-28 16:35:45,276 [ERROR] Engine:463 - C:\Users\NGUYEN GIAP\.stm32cubemx\thirdparties\pdsc\STMicroelectronics.X-CUBE-FREERTOS.1.2.0.pdsc: PDSC version is not supported
2024-11-28 16:35:45,306 [WARN] PackLoader:238 - Cannot read IP mode file for STMicroelectronics.X-CUBE-AZRTOS-L5.2.0.0
2024-11-28 16:35:45,324 [WARN] PackLoader:238 - Cannot read IP mode file for STMicroelectronics.X-CUBE-NFC6.3.1.0
2024-11-28 16:35:45,351 [ERROR] Engine:463 - C:\Users\NGUYEN GIAP\.stm32cubemx\thirdparties\pdsc\STMicroelectronics.X-CUBE-DPower.1.2.0.pdsc: PDSC version is not supported
2024-11-28 16:35:45,373 [WARN] PackLoader:238 - Cannot read IP mode file for STMicroelectronics.X-CUBE-AI.9.0.0
2024-11-28 16:35:45,386 [WARN] PackLoader:238 - Cannot read IP mode file for STMicroelectronics.X-CUBE-NFC7.1.0.1
2024-11-28 16:35:45,429 [WARN] ConditionMgr:437 - getConditionDescription Invalid condition id : LAN8742 Phy interface Condition cause : null
2024-11-28 16:35:45,429 [WARN] PackLoader:238 - Cannot read IP mode file for STMicroelectronics.X-CUBE-AZRTOS-L4.2.0.0
2024-11-28 16:35:45,430 [WARN] ConditionMgr:1038 - genDependencies : Invalid condition id : LAN8742 Phy interface Condition cause : null
2024-11-28 16:35:45,430 [WARN] ConditionMgr:1038 - genDependencies : Invalid condition id : LAN8742 Phy interface Condition cause : null
2024-11-28 16:35:45,431 [WARN] ConditionMgr:1038 - genDependencies : Invalid condition id : LAN8742 Phy interface Condition cause : null
2024-11-28 16:35:45,447 [WARN] PackLoader:238 - Cannot read IP mode file for STMicroelectronics.X-CUBE-SFXS2LP1.4.0.0
2024-11-28 16:35:45,478 [WARN] PackLoader:238 - Cannot read IP mode file for STMicroelectronics.X-CUBE-AZRTOS-H7.3.3.0
2024-11-28 16:35:45,493 [ERROR] Engine:463 - C:\Users\NGUYEN GIAP\.stm32cubemx\thirdparties\pdsc\STMicroelectronics.X-CUBE-IPS.3.0.0.pdsc: PDSC version is not supported
2024-11-28 16:35:45,512 [INFO] DbMcusJson:93 - JSON generation date=Tue Nov 16 23:17:54 ICT 2021 (1637079474)
2024-11-28 16:35:45,517 [WARN] ConditionMgr:437 - getConditionDescription Invalid condition id : UX DEVICE CLASS RTOS Condition cause : null
2024-11-28 16:35:45,518 [WARN] ConditionMgr:437 - getConditionDescription Invalid condition id : UX DEVICE CLASS RTOS Condition cause : null
2024-11-28 16:35:45,520 [WARN] PackLoader:238 - Cannot read IP mode file for STMicroelectronics.X-CUBE-AZRTOS-WB.2.0.0
2024-11-28 16:35:45,520 [WARN] ConditionMgr:1038 - genDependencies : Invalid condition id : UX DEVICE CLASS RTOS Condition cause : null
2024-11-28 16:35:45,520 [WARN] ConditionMgr:1038 - genDependencies : Invalid condition id : UX DEVICE CLASS RTOS Condition cause : null
2024-11-28 16:35:45,521 [WARN] ConditionMgr:1038 - genDependencies : Invalid condition id : UX DEVICE CLASS RTOS Condition cause : null
2024-11-28 16:35:45,521 [WARN] ConditionMgr:1038 - genDependencies : Invalid condition id : UX DEVICE CLASS RTOS Condition cause : null
2024-11-28 16:35:45,521 [WARN] ConditionMgr:1038 - genDependencies : Invalid condition id : UX DEVICE CLASS RTOS Condition cause : null
2024-11-28 16:35:45,539 [WARN] PackLoader:238 - Cannot read IP mode file for STMicroelectronics.X-CUBE-GNSS1.7.0.0
2024-11-28 16:35:45,552 [ERROR] Engine:463 - C:\Users\NGUYEN GIAP\.stm32cubemx\thirdparties\pdsc\STMicroelectronics.FP-SNS-STBOX1.2.0.0.pdsc: PDSC version is not supported
2024-11-28 16:35:45,590 [WARN] PackLoader:238 - Cannot read IP mode file for STMicroelectronics.X-CUBE-SUBG2.5.0.0
2024-11-28 16:35:45,605 [ERROR] Engine:463 - C:\Users\NGUYEN GIAP\.stm32cubemx\thirdparties\pdsc\Cesanta.I-CUBE-Mongoose.7.13.0.pdsc: PDSC version is not supported
2024-11-28 16:35:45,632 [WARN] PackLoader:238 - Cannot read IP mode file for STMicroelectronics.X-CUBE-AZRTOS-G4.2.0.0
2024-11-28 16:35:45,646 [WARN] PackLoader:238 - Cannot read IP mode file for STMicroelectronics.X-CUBE-ISPU.2.0.0
2024-11-28 16:35:45,656 [ERROR] Engine:463 - C:\Users\NGUYEN GIAP\.stm32cubemx\thirdparties\pdsc\STMicroelectronics.X-CUBE-ALS.1.0.2.pdsc: PDSC version is not supported
2024-11-28 16:35:45,668 [WARN] PackLoader:238 - Cannot read IP mode file for STMicroelectronics.X-CUBE-TOUCHGFX.4.24.0
2024-11-28 16:35:45,679 [WARN] PackLoader:238 - Cannot read IP mode file for STMicroelectronics.X-CUBE-TOUCHGFX.4.24.1
2024-11-28 16:35:45,690 [WARN] PackLoader:238 - Cannot read IP mode file for wolfSSL.I-CUBE-wolfTPM.3.4.0
2024-11-28 16:35:45,702 [WARN] PackLoader:238 - Cannot read IP mode file for portGmbH.I-Cube-SoM-uGOAL.1.1.0
2024-11-28 16:35:45,735 [WARN] PackLoader:238 - Cannot read IP mode file for STMicroelectronics.X-CUBE-AZRTOS-H7RS.1.0.0
2024-11-28 16:35:45,765 [WARN] PackLoader:238 - Cannot read IP mode file for STMicroelectronics.FP-ATR-ASTRA1.2.0.0
2024-11-28 16:35:45,784 [ERROR] Engine:463 - C:\Users\NGUYEN GIAP\.stm32cubemx\thirdparties\pdsc\STMicroelectronics.X-CUBE-TOF1.3.4.2.pdsc: PDSC version is not supported
2024-11-28 16:35:45,806 [ERROR] Engine:463 - C:\Users\NGUYEN GIAP\.stm32cubemx\thirdparties\pdsc\Infineon.AIROC-Wi-Fi-Bluetooth-STM32.1.6.1.pdsc: PDSC version is not supported
2024-11-28 16:35:45,818 [WARN] PackLoader:238 - Cannot read IP mode file for wolfSSL.I-CUBE-wolfSSH.1.4.17
2024-11-28 16:35:45,818 [INFO] ThirdParty:915 - Integrity check success = true
2024-11-28 16:35:45,818 [INFO] IntegrityCheckThread:94 - exiting critical section [integrity check]
2024-11-28 16:35:45,818 [INFO] IntegrityCheckThread:97 - End integrity checks thread
2024-11-28 16:35:45,997 [INFO] DbMcus:175 - Found 1951 MCUs (1903 are supported by CubeMX, 1914 are visible in CubeMX)
2024-11-28 16:35:45,997 [INFO] ApiDb:251 - Load user favorites file C:\Users\NGUYEN GIAP/.stm32cubeide/favorites.mcus.txt: 0 item(s)
2024-11-28 16:35:45,997 [INFO] ApiDb:255 - User favorites MCUs=[]
2024-11-28 16:35:45,997 [INFO] DbMcus:187 - Set 0 / 0 favorites MCUs
2024-11-28 16:35:46,002 [INFO] DbBoardsDocs:143 - JSON generation date=Tue Nov 16 23:17:54 ICT 2021 (1637079474)
2024-11-28 16:35:46,007 [INFO] DbBoardsPdsc:90 - Found 25 items
2024-11-28 16:35:46,008 [INFO] DbBoardsPdsc:90 - Found 9 items
2024-11-28 16:35:46,010 [INFO] DbBoardsPdsc:90 - Found 33 items
2024-11-28 16:35:46,011 [INFO] DbBoardsPdsc:90 - Found 1 items
2024-11-28 16:35:46,015 [INFO] DbBoardsPdsc:90 - Found 48 items
2024-11-28 16:35:46,019 [INFO] DbBoardsPdsc:90 - Found 43 items
2024-11-28 16:35:46,020 [INFO] DbBoardsPdsc:90 - Found 2 items
2024-11-28 16:35:46,021 [INFO] DbBoardsPdsc:90 - Found 5 items
2024-11-28 16:35:46,024 [WARN] DbBoardsPdsc:254 - Board STM32H7B3I-DK: unknown feature type=Audio, name=, username=Audio stereo codec with Headphone Amp (CS42L51-CNZ), n=1
2024-11-28 16:35:46,024 [WARN] DbBoardsPdsc:254 - Board STM32H735G-DK: unknown feature type=Audio, name=, username=Audio stereo codec with Headphone Amp (WM8994ECS/R), n=1
2024-11-28 16:35:46,025 [WARN] DbBoardsPdsc:254 - Board STM32H7B3I-EVAL: unknown feature type=Audio, name=, username=Multi-Channel Audio Codec (CS42L51-CNZ), n=1
2024-11-28 16:35:46,025 [WARN] DbBoardsPdsc:254 - Board STM32H7B3I-EVAL: unknown feature type=Meter, name=, username=Power-metering and Temperature-monitoring with sigma-delta modulators, n=1
2024-11-28 16:35:46,025 [WARN] DbBoardsPdsc:254 - Board STM32H7B3I-EVAL: unknown feature type=Motor, name=, username=Motor Control, n=1
2024-11-28 16:35:46,026 [WARN] DbBoardsPdsc:254 - Board STM32U575I-EV: unknown feature type=joystick, name=, username=4-direction joystick with selection button, n=1
2024-11-28 16:35:46,038 [INFO] DbBoardsJson:86 - JSON generation date=Tue Nov 16 23:17:54 ICT 2021 (1637079474)
2024-11-28 16:35:46,043 [INFO] DbBoards:117 - Found 167 boards (163 are supported by CubeMX)
2024-11-28 16:35:46,044 [INFO] DbBoardsDocs:143 - JSON generation date=Tue Nov 16 23:17:54 ICT 2021 (1637079474)
2024-11-28 16:35:46,047 [INFO] DbBoardsDocs:79 - Found 209 boards documents
2024-11-28 16:35:46,048 [WARN] DbBoards:127 - board B-L475E-IOT01A2 has no document id list !
2024-11-28 16:35:46,049 [WARN] DbBoards:127 - board NUCLEO-H743ZI has no document id list !
2024-11-28 16:35:46,049 [WARN] DbBoards:127 - board NUCLEO-WL55JC2 has no document id list !
2024-11-28 16:35:46,049 [WARN] DbBoards:127 - board P-NUCLEO-WB55-Nucleo has no document id list !
2024-11-28 16:35:46,049 [WARN] DbBoards:127 - board P-NUCLEO-WB55-USBDongle has no document id list !
2024-11-28 16:35:46,049 [WARN] DbBoards:127 - board STEVAL-BFA001V1B has no document id list !
2024-11-28 16:35:46,049 [WARN] DbBoards:127 - board STEVAL-BFA001V2B has no document id list !
2024-11-28 16:35:46,049 [WARN] DbBoards:127 - board STEVAL-IDP005V1 has no document id list !
2024-11-28 16:35:46,050 [WARN] DbBoards:127 - board STEVAL-IDP005V2 has no document id list !
2024-11-28 16:35:46,050 [WARN] DbBoards:127 - board STEVAL-MKSBOX1V1 has no document id list !
2024-11-28 16:35:46,050 [WARN] DbBoards:127 - board STEVAL-STWINKT1 has no document id list !
2024-11-28 16:35:46,050 [WARN] DbBoards:127 - board STEVAL-STWINKT1B has no document id list !
2024-11-28 16:35:46,050 [WARN] DbBoards:127 - board STM32439I-EVAL2 has no document id list !
2024-11-28 16:35:46,050 [WARN] DbBoards:127 - board STM32F401C-DISCO has no document id list !
2024-11-28 16:35:46,050 [WARN] DbBoards:127 - board STM32F769I-DISC1 has no document id list !
2024-11-28 16:35:46,051 [WARN] DbBoards:127 - board STM32G474E-EVAL1 has no document id list !
2024-11-28 16:35:46,051 [WARN] DbBoards:127 - board STM32H743I-EVAL2 has no document id list !
2024-11-28 16:35:46,051 [WARN] DbBoards:127 - board STM32H747I-DISC1 has no document id list !
2024-11-28 16:35:46,051 [WARN] DbBoards:127 - board STM32H753I-EVAL2 has no document id list !
2024-11-28 16:35:46,051 [WARN] DbBoards:127 - board STM32L-DISCOVERY has no document id list !
2024-11-28 16:35:46,154 [ERROR] DbBoards:189 - Image file not found for board B-U585I-IOT02A: C:\ST\STM32CubeIDE_1.7.0\STM32CubeIDE\plugins\com.st.stm32cube.common.mx_6.3.0.202107141111\\db\/plugins/mcufinder/images/boards/B-U585I-IOT02A_small.jpg
2024-11-28 16:35:46,261 [ERROR] DbBoards:189 - Image file not found for board NUCLEO-F413ZH: C:\ST\STM32CubeIDE_1.7.0\STM32CubeIDE\plugins\com.st.stm32cube.common.mx_6.3.0.202107141111\\db\/plugins/mcufinder/images/boards/nucleo-f413zh_small.jpg
2024-11-28 16:35:46,464 [ERROR] DbBoards:189 - Image file not found for board NUCLEO-L552ZE-Q: C:\ST\STM32CubeIDE_1.7.0\STM32CubeIDE\plugins\com.st.stm32cube.common.mx_6.3.0.202107141111\\db\/plugins/mcufinder/images/boards/nucleo_l552ze_q_small.jpg
2024-11-28 16:35:46,465 [ERROR] DbBoards:189 - Image file not found for board NUCLEO-U575ZI-Q: C:\ST\STM32CubeIDE_1.7.0\STM32CubeIDE\plugins\com.st.stm32cube.common.mx_6.3.0.202107141111\\db\/plugins/mcufinder/images/boards/nucleo-u575zi-q_small.jpg
2024-11-28 16:35:46,465 [ERROR] DbBoards:189 - Image file not found for board NUCLEO-WB15CC: C:\ST\STM32CubeIDE_1.7.0\STM32CubeIDE\plugins\com.st.stm32cube.common.mx_6.3.0.202107141111\\db\/plugins/mcufinder/images/boards/nucleo-wb15cc_small.jpg
2024-11-28 16:35:46,465 [ERROR] DbBoards:189 - Image file not found for board NUCLEO-WB55RG: C:\ST\STM32CubeIDE_1.7.0\STM32CubeIDE\plugins\com.st.stm32cube.common.mx_6.3.0.202107141111\\db\/plugins/mcufinder/images/boards/nucleo-wb55rg_small.jpg
2024-11-28 16:35:47,363 [INFO] ApiDb:251 - Load user favorites file C:\Users\NGUYEN GIAP/.stm32cubeide/favorites.boards.txt: 0 item(s)
2024-11-28 16:35:47,363 [INFO] ApiDb:255 - User favorites Boards=[]
2024-11-28 16:35:47,364 [INFO] DbBoards:206 - Set 0 / 0 favorites Boards
2024-11-28 16:35:47,366 [INFO] DbBoardsDocs:79 - Found 418 boards documents
2024-11-28 16:35:47,366 [INFO] ApiDb:276 - Save user favorites file C:\Users\NGUYEN GIAP/.stm32cubeide/favorites.boards.txt: 0 item(s)
2024-11-28 16:35:47,367 [INFO] ApiDb:280 - User favorites Boards=[]
2024-11-28 16:35:47,369 [INFO] DbBoardsPdsc:90 - Found 25 items
2024-11-28 16:35:47,371 [INFO] DbBoardsPdsc:90 - Found 9 items
2024-11-28 16:35:47,385 [INFO] DbBoardsPdsc:90 - Found 33 items
2024-11-28 16:35:47,386 [INFO] DbBoardsPdsc:90 - Found 1 items
2024-11-28 16:35:47,390 [INFO] DbBoardsPdsc:90 - Found 48 items
2024-11-28 16:35:47,393 [INFO] DbBoardsPdsc:90 - Found 43 items
2024-11-28 16:35:47,394 [INFO] DbBoardsPdsc:90 - Found 2 items
2024-11-28 16:35:47,395 [INFO] DbBoardsPdsc:90 - Found 5 items
2024-11-28 16:35:47,396 [WARN] DbBoardsPdsc:254 - Board STM32H7B3I-DK: unknown feature type=Audio, name=, username=Audio stereo codec with Headphone Amp (CS42L51-CNZ), n=1
2024-11-28 16:35:47,396 [WARN] DbBoardsPdsc:254 - Board STM32H735G-DK: unknown feature type=Audio, name=, username=Audio stereo codec with Headphone Amp (WM8994ECS/R), n=1
2024-11-28 16:35:47,397 [WARN] DbBoardsPdsc:254 - Board STM32H7B3I-EVAL: unknown feature type=Audio, name=, username=Multi-Channel Audio Codec (CS42L51-CNZ), n=1
2024-11-28 16:35:47,397 [WARN] DbBoardsPdsc:254 - Board STM32H7B3I-EVAL: unknown feature type=Meter, name=, username=Power-metering and Temperature-monitoring with sigma-delta modulators, n=1
2024-11-28 16:35:47,397 [WARN] DbBoardsPdsc:254 - Board STM32H7B3I-EVAL: unknown feature type=Motor, name=, username=Motor Control, n=1
2024-11-28 16:35:47,398 [WARN] DbBoardsPdsc:254 - Board STM32U575I-EV: unknown feature type=joystick, name=, username=4-direction joystick with selection button, n=1
2024-11-28 16:35:47,410 [INFO] DbBoardsJson:86 - JSON generation date=Tue Nov 16 23:17:54 ICT 2021 (1637079474)
2024-11-28 16:35:47,414 [INFO] DbBoards:117 - Found 167 boards (163 are supported by CubeMX)
2024-11-28 16:35:47,414 [WARN] DbBoards:127 - board B-L475E-IOT01A2 has no document id list !
2024-11-28 16:35:47,415 [WARN] DbBoards:127 - board NUCLEO-H743ZI has no document id list !
2024-11-28 16:35:47,416 [WARN] DbBoards:127 - board NUCLEO-WL55JC2 has no document id list !
2024-11-28 16:35:47,416 [WARN] DbBoards:127 - board P-NUCLEO-WB55-Nucleo has no document id list !
2024-11-28 16:35:47,416 [WARN] DbBoards:127 - board P-NUCLEO-WB55-USBDongle has no document id list !
2024-11-28 16:35:47,416 [WARN] DbBoards:127 - board STEVAL-BFA001V1B has no document id list !
2024-11-28 16:35:47,416 [WARN] DbBoards:127 - board STEVAL-BFA001V2B has no document id list !
2024-11-28 16:35:47,416 [WARN] DbBoards:127 - board STEVAL-IDP005V1 has no document id list !
2024-11-28 16:35:47,416 [WARN] DbBoards:127 - board STEVAL-IDP005V2 has no document id list !
2024-11-28 16:35:47,416 [WARN] DbBoards:127 - board STEVAL-MKSBOX1V1 has no document id list !
2024-11-28 16:35:47,416 [WARN] DbBoards:127 - board STEVAL-STWINKT1 has no document id list !
2024-11-28 16:35:47,416 [WARN] DbBoards:127 - board STEVAL-STWINKT1B has no document id list !
2024-11-28 16:35:47,416 [WARN] DbBoards:127 - board STM32439I-EVAL2 has no document id list !
2024-11-28 16:35:47,416 [WARN] DbBoards:127 - board STM32F401C-DISCO has no document id list !
2024-11-28 16:35:47,416 [WARN] DbBoards:127 - board STM32F769I-DISC1 has no document id list !
2024-11-28 16:35:47,416 [WARN] DbBoards:127 - board STM32G474E-EVAL1 has no document id list !
2024-11-28 16:35:47,416 [WARN] DbBoards:127 - board STM32H743I-EVAL2 has no document id list !
2024-11-28 16:35:47,416 [WARN] DbBoards:127 - board STM32H747I-DISC1 has no document id list !
2024-11-28 16:35:47,416 [WARN] DbBoards:127 - board STM32H753I-EVAL2 has no document id list !
2024-11-28 16:35:47,416 [WARN] DbBoards:127 - board STM32L-DISCOVERY has no document id list !
2024-11-28 16:35:47,478 [ERROR] DbBoards:189 - Image file not found for board B-U585I-IOT02A: C:\ST\STM32CubeIDE_1.7.0\STM32CubeIDE\plugins\com.st.stm32cube.common.mx_6.3.0.202107141111\\db\/plugins/mcufinder/images/boards/B-U585I-IOT02A_small.jpg
2024-11-28 16:35:47,539 [ERROR] DbBoards:189 - Image file not found for board NUCLEO-F413ZH: C:\ST\STM32CubeIDE_1.7.0\STM32CubeIDE\plugins\com.st.stm32cube.common.mx_6.3.0.202107141111\\db\/plugins/mcufinder/images/boards/nucleo-f413zh_small.jpg
2024-11-28 16:35:47,701 [ERROR] DbBoards:189 - Image file not found for board NUCLEO-L552ZE-Q: C:\ST\STM32CubeIDE_1.7.0\STM32CubeIDE\plugins\com.st.stm32cube.common.mx_6.3.0.202107141111\\db\/plugins/mcufinder/images/boards/nucleo_l552ze_q_small.jpg
2024-11-28 16:35:47,701 [ERROR] DbBoards:189 - Image file not found for board NUCLEO-U575ZI-Q: C:\ST\STM32CubeIDE_1.7.0\STM32CubeIDE\plugins\com.st.stm32cube.common.mx_6.3.0.202107141111\\db\/plugins/mcufinder/images/boards/nucleo-u575zi-q_small.jpg
2024-11-28 16:35:47,701 [ERROR] DbBoards:189 - Image file not found for board NUCLEO-WB15CC: C:\ST\STM32CubeIDE_1.7.0\STM32CubeIDE\plugins\com.st.stm32cube.common.mx_6.3.0.202107141111\\db\/plugins/mcufinder/images/boards/nucleo-wb15cc_small.jpg
2024-11-28 16:35:47,702 [ERROR] DbBoards:189 - Image file not found for board NUCLEO-WB55RG: C:\ST\STM32CubeIDE_1.7.0\STM32CubeIDE\plugins\com.st.stm32cube.common.mx_6.3.0.202107141111\\db\/plugins/mcufinder/images/boards/nucleo-wb55rg_small.jpg
2024-11-28 16:35:48,334 [INFO] ApiDb:251 - Load user favorites file C:\Users\NGUYEN GIAP/.stm32cubeide/favorites.boards.txt: 0 item(s)
2024-11-28 16:35:48,335 [INFO] ApiDb:255 - User favorites Boards=[]
2024-11-28 16:35:48,335 [INFO] DbBoards:206 - Set 0 / 0 favorites Boards
2024-11-28 16:35:48,342 [INFO] LoadUrlFilesThread:172 - End of LoadServerUrlFiles without Thread
2024-11-28 16:35:48,342 [INFO] TargetSelectorAdapter:224 - Refresh data is successful
2024-11-28 16:35:48,439 [INFO] ApiDb:479 - Connected to CubeFinder SQLite database (C:\Users\NGUYEN GIAP\.stmcufinder\plugins\mcufinder\mcu\cube-finder-db.db)
2024-11-28 16:35:49,053 [ERROR] DbExamplesSqlite:446 - Missing JSON key: board_cpn
2024-11-28 16:35:49,053 [ERROR] DbExamplesSqlite:446 - Missing JSON key: board_cpn
2024-11-28 16:35:49,054 [ERROR] DbExamplesSqlite:446 - Missing JSON key: board_cpn
2024-11-28 16:35:49,054 [ERROR] DbExamplesSqlite:446 - Missing JSON key: board_cpn
2024-11-28 16:35:49,165 [ERROR] DbExamplesSqlite:446 - Missing JSON key: board_cpn
2024-11-28 16:35:49,166 [ERROR] DbExamplesSqlite:446 - Missing JSON key: board_cpn
2024-11-28 16:35:49,166 [ERROR] DbExamplesSqlite:446 - Missing JSON key: board_cpn
2024-11-28 16:35:49,166 [ERROR] DbExamplesSqlite:446 - Missing JSON key: board_cpn
2024-11-28 16:35:49,166 [ERROR] DbExamplesSqlite:446 - Missing JSON key: board_cpn
2024-11-28 16:35:49,166 [ERROR] DbExamplesSqlite:446 - Missing JSON key: board_cpn
2024-11-28 16:35:49,166 [ERROR] DbExamplesSqlite:446 - Missing JSON key: board_cpn
2024-11-28 16:35:49,166 [ERROR] DbExamplesSqlite:446 - Missing JSON key: board_cpn
2024-11-28 16:35:49,166 [ERROR] DbExamplesSqlite:446 - Missing JSON key: board_cpn
2024-11-28 16:35:49,281 [INFO] DbExamplesSqlite:411 - Ignored 77 examples not supported by CubeIDE
2024-11-28 16:35:49,281 [INFO] DbExamplesSqlite:412 - Found 10474 examples active
2024-11-28 16:35:49,281 [INFO] DbExamplesSqlite:413 - Found 0 examples obsolete
2024-11-28 16:35:49,281 [INFO] DbExamplesSqlite:414 - Found 0 examples under development
2024-11-28 16:35:49,282 [INFO] DbExamplesSqlite:415 - Found 43 examples not building
2024-11-28 16:35:49,341 [INFO] DbExamplesSqlite:108 - CubeFinder database Data Model version=2.1
2024-11-28 16:35:49,342 [INFO] DbExamplesSqlite:109 - CubeFinder database Configuration version=3.0.39
2024-11-28 16:35:49,342 [INFO] DbExamplesSqlite:110 - CubeFinder database generation date=2024-11-21 (1732182206)
2024-11-28 16:35:49,342 [INFO] DbExamplesSqlite:111 - CubeFinder database FW Pack versions=[FP-ATR-ASTRA1_V2.0.0, FP-SNS-FLIGHT1_V5.0.2, FP-SNS-MOTENV1_V5.0.0, FP-SNS-MOTENVWB1_V1.4.0, FP-SNS-SMARTAG2_V1.2.0, FP-SNS-STBOX1_V2.0.0, STM32Cube_FW_C0_V1.3.0, STM32Cube_FW_F4_V1.28.1, STM32Cube_FW_F7_V1.17.2, STM32Cube_FW_G0_V1.6.2, STM32Cube_FW_G4_V1.6.1, STM32Cube_FW_H5_V1.4.0, STM32Cube_FW_H7RS_V1.1.0, STM32Cube_FW_H7_V1.12.0, STM32Cube_FW_L0_V1.12.2, STM32Cube_FW_L4_V1.18.1, STM32Cube_FW_L5_V1.5.1, STM32Cube_FW_N6_V1.0.0, STM32Cube_FW_U0_V1.2.0, STM32Cube_FW_U3_V1.0.0, STM32Cube_FW_U5_V1.7.0, STM32Cube_FW_WB0_V1.1.0, STM32Cube_FW_WBA_V1.5.0, STM32Cube_FW_WB_V1.21.0, STM32Cube_FW_WL3_V1.0.0, STM32Cube_FW_WL_V1.3.0, X-CUBE-ALGOBUILD_V1.4.0, X-CUBE-ALS_V1.0.2, X-CUBE-AZRTOS-F4_V1.1.0, X-CUBE-AZRTOS-F7_V1.1.0, X-CUBE-AZRTOS-G0_V1.1.0, X-CUBE-AZRTOS-G4_V2.0.0, X-CUBE-AZRTOS-H7RS_V1.0.0, X-CUBE-AZRTOS-H7_V3.3.0, X-CUBE-AZRTOS-L4_V2.0.0, X-CUBE-AZRTOS-L5_V2.0.0, X-CUBE-AZRTOS-WB_V2.0.0, X-CUBE-AZRTOS-WL_V2.0.0, X-CUBE-BLE1_V7.0.0, X-CUBE-BLE2_V3.3.0, X-CUBE-BLEMGR_V3.1.0, X-CUBE-EEPRMA1_V5.1.0, X-CUBE-FREERTOS_V1.2.0, X-CUBE-GNSS1_V6.0.0, X-CUBE-MEMS1_V11.0.0, X-CUBE-NFC4_V3.0.0, X-CUBE-NFC7_V1.0.1, X-CUBE-SFXS2LP1_V4.0.0, X-CUBE-SUBG2_V5.0.0, X-CUBE-TOF1_V3.4.2]
2024-11-28 16:35:49,343 [INFO] DbExamples:130 - Found 10440 examples
2024-11-28 16:35:50,104 [ERROR] DbExamples:206 - Found 10440 examples with invalid data (board or MCU)
2024-11-28 16:35:50,105 [INFO] DbExamples:222 - Found 96 boards with related examples
2024-11-28 16:35:50,105 [INFO] DbExamples:235 - Found 0 MCUs with related examples
2024-11-28 16:35:50,126 [INFO] ApiDb:242 - User favorites file not found: C:\Users\NGUYEN GIAP/.stm32cubeide/favorites.examples.txt
2024-11-28 16:35:50,126 [INFO] DbExamples:256 - Set 0 / 0 favorites Examples
2024-11-28 16:35:50,378 [INFO] McuFinderGlobals:52 - Set McuFinderConnectedMode to false
2024-11-28 16:35:50,443 [INFO] CrossSelectorPresenter:1330 - Cross Selector saved comparison directory: C:\Users\NGUYEN GIAP\.stmcufinder\plugins\mcufinder\mcu\cs_comparisons_mx
2024-11-28 16:35:50,449 [INFO] MultiScanPanel:197 - Auto-refresh data requested => check proxy status ongoing
2024-11-28 16:35:50,449 [INFO] MultiScanPanel:201 - Proxy status is invalid
2024-11-28 16:35:50,451 [INFO] FinderPluginLoader:87 - Searching for filters in installed packs
2024-11-28 16:35:50,884 [INFO] DetailPanel:309 - Set advertising image to C:/Users/NGUYEN GIAP/STM32Cube/Repository/\en.prom-stm32c071-usb-memories-mcu-finder.png
2024-11-28 16:36:28,743 [INFO] MainUpdater:2671 - connection check result : 10
2024-11-28 16:36:28,743 [INFO] MainUpdater:2671 - connection check result : 10
2024-11-28 16:36:28,777 [INFO] MicroXplorer:448 - Change Database Path : 
2024-11-28 16:36:28,778 [INFO] MicroXplorer:478 - Change Database Version : DB.6.0.30
2024-11-28 16:36:28,778 [WARN] ThirdParty:813 - waiting for thirdparty lock release [close project]
2024-11-28 16:36:28,778 [INFO] ThirdParty:815 - entering critical section [close project]
2024-11-28 16:36:28,778 [INFO] ThirdParty:825 - exiting critical section [close project]
2024-11-28 16:36:28,781 [INFO] PinOutPanel:1463 - setPackage(No Configuration,No Configuration)
2024-11-28 16:36:28,781 [INFO] UtilMem:74 - Begin LoadConfig() Used Memory: 658869240 Bytes (786432000)
2024-11-28 16:36:28,782 [INFO] MicroXplorer:448 - Change Database Path : 
2024-11-28 16:36:28,782 [INFO] MicroXplorer:478 - Change Database Version : DB.6.0.30
2024-11-28 16:36:28,782 [INFO] OpenFileManager:313 - Change cursor
2024-11-28 16:36:29,520 [INFO] Context:592 - Trying to add GPIOservice into a context  which must be forbidden
2024-11-28 16:36:29,718 [INFO] ImportTextPane:167 - (OptionalMessage_ERROR) Unable to find key (Mcu.ThirdPartyNb) in loaded IOC file
2024-11-28 16:36:29,718 [INFO] ImportTextPane:167 - (OptionalMessage_ERROR) Unable to find key (Mcu.PinsNb) in loaded IOC file
2024-11-28 16:36:29,718 [INFO] ImportTextPane:167 - (OptionalMessage_ERROR) Unable to find key (Mcu.IPNb) in loaded IOC file
2024-11-28 16:36:29,756 [WARN] ApiManager:304 - Cannot register API 'Board Extension:NFC09A1' from pack STMicroelectronics.X-CUBE-NFC9.1.0.0: no header file found
2024-11-28 16:36:29,758 [WARN] ApiManager:304 - Cannot register API 'Board Extension:GNSS1A1' from pack STMicroelectronics.X-CUBE-GNSS1.6.0.0: no header file found
2024-11-28 16:36:29,758 [WARN] ApiManager:304 - Cannot register API 'Board Support:Custom' from pack STMicroelectronics.X-CUBE-GNSS1.6.0.0: no header file found
2024-11-28 16:36:29,759 [WARN] ApiManager:304 - Cannot register API 'Data Exchange:lib_gnss' from pack STMicroelectronics.X-CUBE-GNSS1.6.0.0: no header file found
2024-11-28 16:36:29,761 [WARN] ApiManager:304 - Cannot register API 'Wireless:STM32WB05N' from pack STMicroelectronics.X-CUBE-WB05N.1.1.0: no header file found
2024-11-28 16:36:29,764 [WARN] ApiManager:304 - Cannot register API 'Board Extension:GNSS1A1' from pack STMicroelectronics.X-CUBE-GNSS1.7.0.0: no header file found
2024-11-28 16:36:29,765 [WARN] ApiManager:304 - Cannot register API 'Board Support:Custom' from pack STMicroelectronics.X-CUBE-GNSS1.7.0.0: no header file found
2024-11-28 16:36:29,765 [WARN] ApiManager:304 - Cannot register API 'Data Exchange:lib_gnss' from pack STMicroelectronics.X-CUBE-GNSS1.7.0.0: no header file found
2024-11-28 16:36:29,771 [WARN] ApiManager:304 - Cannot register API 'Board Extension:NFC06A1' from pack STMicroelectronics.X-CUBE-NFC6.3.1.0: no header file found
2024-11-28 16:36:29,771 [WARN] ApiManager:304 - Cannot register API 'Board Extension:NFC08A1' from pack STMicroelectronics.X-CUBE-NFC6.3.1.0: no header file found
2024-11-28 16:36:29,913 [WARN] ApiManager:304 - Cannot register API 'Board Extension:IKS01A3' from pack STMicroelectronics.X-CUBE-MEMS1.11.0.0: no header file found
2024-11-28 16:36:29,913 [WARN] ApiManager:304 - Cannot register API 'Board Extension:IKS02A1' from pack STMicroelectronics.X-CUBE-MEMS1.11.0.0: no header file found
2024-11-28 16:36:29,913 [WARN] ApiManager:304 - Cannot register API 'Board Extension:IKS4A1' from pack STMicroelectronics.X-CUBE-MEMS1.11.0.0: no header file found
2024-11-28 16:36:29,919 [INFO] RtosManager:484 - Registered RTOS mode: class=CMSIS, group=RTOS, mode=CMSIS_V1, owner=FREERTOS
2024-11-28 16:36:29,919 [INFO] RtosManager:484 - Registered RTOS mode: class=CMSIS, group=RTOS2, mode=CMSIS_V2, owner=FREERTOS
2024-11-28 16:36:29,919 [INFO] RtosManager:484 - Registered RTOS mode: class=RTOS, group=Core, mode=CMSIS_V1, owner=FREERTOS
2024-11-28 16:36:29,919 [INFO] RtosManager:484 - Registered RTOS mode: class=RTOS, group=Core, mode=CMSIS_V2, owner=FREERTOS
2024-11-28 16:36:29,919 [WARN] ModelIntegratedComponent:181 - Missing modes for component STMicroelectronics:FreeRTOS:0.0.1:STMicroelectronics:RTOS:FreeRTOS:Core:::10.2.0:
2024-11-28 16:36:29,920 [WARN] ApiManager:304 - Cannot register API 'Board Extension:STSAFEA1' from pack STMicroelectronics.X-CUBE-SAFEA1.1.2.2: no header file found
2024-11-28 16:36:29,920 [WARN] ApiManager:304 - Cannot register API 'Board Part:STSAFEA110' from pack STMicroelectronics.X-CUBE-SAFEA1.1.2.2: no header file found
2024-11-28 16:36:29,921 [WARN] ApiManager:304 - Cannot register API 'Security:ST_Cryptolib' from pack STMicroelectronics.X-CUBE-SAFEA1.1.2.2: no header file found
2024-11-28 16:36:29,921 [WARN] ApiManager:304 - Cannot register API 'Security:MbedTLS' from pack STMicroelectronics.X-CUBE-SAFEA1.1.2.2: no header file found
2024-11-28 16:36:29,921 [WARN] ApiManager:304 - Cannot register API 'Board Extension:NFC04A1' from pack STMicroelectronics.X-CUBE-NFC4.3.0.0: no header file found
2024-11-28 16:36:29,924 [WARN] ApiManager:304 - Cannot register API 'Board Extension:S2868A1' from pack STMicroelectronics.X-CUBE-SUBG2.5.0.0: no header file found
2024-11-28 16:36:29,924 [WARN] ApiManager:304 - Cannot register API 'Board Extension:S2868A2' from pack STMicroelectronics.X-CUBE-SUBG2.5.0.0: no header file found
2024-11-28 16:36:29,924 [WARN] ApiManager:304 - Cannot register API 'Board Extension:S2915A1' from pack STMicroelectronics.X-CUBE-SUBG2.5.0.0: no header file found
2024-11-28 16:36:29,925 [WARN] ApiManager:304 - Cannot register API 'Wireless:BlueNRG-MS' from pack STMicroelectronics.X-CUBE-BLE1.7.0.0: no header file found
2024-11-28 16:36:29,926 [WARN] ApiManager:304 - Cannot register API 'Board Extension:NFC10A1' from pack STMicroelectronics.X-CUBE-NFC10.1.0.0: no header file found
2024-11-28 16:36:29,927 [WARN] ApiManager:304 - Cannot register API 'Board Extension:EEPRMA2' from pack STMicroelectronics.X-CUBE-EEPRMA1.5.1.0: no header file found
2024-11-28 16:36:29,927 [WARN] ApiManager:304 - Cannot register API 'Board Extension:PGEEZ1' from pack STMicroelectronics.X-CUBE-EEPRMA1.5.1.0: no header file found
2024-11-28 16:36:29,927 [WARN] ApiManager:304 - Cannot register API 'Board Extension:EEICA1' from pack STMicroelectronics.X-CUBE-EEPRMA1.5.1.0: no header file found
2024-11-28 16:36:29,927 [WARN] ApiManager:304 - Cannot register API 'Board Part:M24' from pack STMicroelectronics.X-CUBE-EEPRMA1.5.1.0: no header file found
2024-11-28 16:36:29,927 [WARN] ApiManager:304 - Cannot register API 'Board Part:M95' from pack STMicroelectronics.X-CUBE-EEPRMA1.5.1.0: no header file found
2024-11-28 16:36:29,927 [WARN] ApiManager:304 - Cannot register API 'Board Part:M95P32' from pack STMicroelectronics.X-CUBE-EEPRMA1.5.1.0: no header file found
2024-11-28 16:36:29,927 [WARN] ApiManager:304 - Cannot register API 'Board Part:M24256E-F' from pack STMicroelectronics.X-CUBE-EEPRMA1.5.1.0: no header file found
2024-11-28 16:36:29,927 [WARN] ApiManager:304 - Cannot register API 'Board Part:M24M01E-F' from pack STMicroelectronics.X-CUBE-EEPRMA1.5.1.0: no header file found
2024-11-28 16:36:29,927 [WARN] ApiManager:304 - Cannot register API 'PGEEZ1:SPI' from pack STMicroelectronics.X-CUBE-EEPRMA1.5.1.0: no header file found
2024-11-28 16:36:29,927 [WARN] ApiManager:304 - Cannot register API 'PGEEZ1:QDSPI' from pack STMicroelectronics.X-CUBE-EEPRMA1.5.1.0: no header file found
2024-11-28 16:36:29,928 [WARN] ModelIntegratedComponent:60 - No mode defined for component null
2024-11-28 16:36:29,928 [WARN] ModelIntegratedComponent:60 - No mode defined for component null
2024-11-28 16:36:29,928 [WARN] ModelIntegratedComponent:60 - No mode defined for component null
2024-11-28 16:36:29,928 [WARN] ModelIntegratedComponent:60 - No mode defined for component null
2024-11-28 16:36:29,928 [WARN] ModelIntegratedComponent:60 - No mode defined for component null
2024-11-28 16:36:29,928 [WARN] ModelIntegratedComponent:60 - No mode defined for component null
2024-11-28 16:36:29,928 [WARN] ModelIntegratedComponent:60 - No mode defined for component null
2024-11-28 16:36:29,928 [WARN] ModelIntegratedComponent:60 - No mode defined for component null
2024-11-28 16:36:29,929 [WARN] ModelIntegratedComponent:60 - No mode defined for component null
2024-11-28 16:36:29,929 [WARN] ModelIntegratedComponent:60 - No mode defined for component null
2024-11-28 16:36:29,929 [WARN] ModelIntegratedComponent:60 - No mode defined for component null
2024-11-28 16:36:29,929 [WARN] ModelIntegratedComponent:60 - No mode defined for component null
2024-11-28 16:36:29,929 [WARN] ModelIntegratedComponent:60 - No mode defined for component null
2024-11-28 16:36:29,929 [WARN] ModelIntegratedComponent:60 - No mode defined for component null
2024-11-28 16:36:29,929 [WARN] ModelIntegratedComponent:60 - No mode defined for component null
2024-11-28 16:36:29,929 [WARN] ModelIntegratedComponent:60 - No mode defined for component null
2024-11-28 16:36:29,929 [WARN] ModelIntegratedComponent:60 - No mode defined for component null
2024-11-28 16:36:29,929 [WARN] ModelIntegratedComponent:60 - No mode defined for component null
2024-11-28 16:36:29,929 [WARN] ModelIntegratedComponent:60 - No mode defined for component null
2024-11-28 16:36:29,929 [WARN] ModelIntegratedComponent:60 - No mode defined for component null
2024-11-28 16:36:29,929 [WARN] ModelIntegratedComponent:60 - No mode defined for component null
2024-11-28 16:36:29,929 [WARN] ModelIntegratedComponent:60 - No mode defined for component null
2024-11-28 16:36:29,929 [WARN] ModelIntegratedComponent:60 - No mode defined for component null
2024-11-28 16:36:29,929 [WARN] ModelIntegratedComponent:60 - No mode defined for component null
2024-11-28 16:36:29,929 [WARN] ModelIntegratedComponent:60 - No mode defined for component null
2024-11-28 16:36:29,929 [WARN] ModelIntegratedComponent:60 - No mode defined for component null
2024-11-28 16:36:29,929 [WARN] ModelIntegratedComponent:60 - No mode defined for component null
2024-11-28 16:36:29,929 [WARN] ModelIntegratedComponent:60 - No mode defined for component null
2024-11-28 16:36:29,929 [WARN] ModelIntegratedComponent:60 - No mode defined for component null
2024-11-28 16:36:29,929 [WARN] ModelIntegratedComponent:60 - No mode defined for component null
2024-11-28 16:36:29,929 [WARN] ModelIntegratedComponent:60 - No mode defined for component null
2024-11-28 16:36:29,930 [WARN] ApiManager:304 - Cannot register API 'Board Extension:NFC07A1' from pack STMicroelectronics.X-CUBE-NFC7.1.0.1: no header file found
2024-11-28 16:36:29,936 [WARN] ApiManager:304 - Cannot register API 'Board Extension:S2868A1' from pack STMicroelectronics.X-CUBE-SFXS2LP1.4.0.0: no header file found
2024-11-28 16:36:29,936 [WARN] ApiManager:304 - Cannot register API 'Board Extension:S2868A2' from pack STMicroelectronics.X-CUBE-SFXS2LP1.4.0.0: no header file found
2024-11-28 16:36:29,936 [WARN] ApiManager:304 - Cannot register API 'Board Extension:S2915A1' from pack STMicroelectronics.X-CUBE-SFXS2LP1.4.0.0: no header file found
2024-11-28 16:36:29,936 [WARN] ApiManager:304 - Cannot register API 'Wireless:BlueNRG-2' from pack STMicroelectronics.X-CUBE-BLE2.3.3.0: no header file found
2024-11-28 16:36:31,748 [INFO] UtilMem:74 - End LoadConfig() Used Memory: 696687256 Bytes (814743552)
2024-11-28 16:36:31,757 [WARN] ThirdParty:779 - waiting for thirdparty lock release [change project]
2024-11-28 16:36:31,757 [INFO] ThirdParty:781 - entering critical section [change project]
2024-11-28 16:36:31,758 [INFO] ThirdParty:967 - CMSIS Pack Vendor :STMicroelectronics X-CUBE-AZRTOS-H7 3.3.0
2024-11-28 16:36:31,758 [INFO] ThirdParty:967 - CMSIS Pack Vendor :STMicroelectronics X-CUBE-NFC9 1.0.0
2024-11-28 16:36:31,758 [INFO] ThirdParty:967 - CMSIS Pack Vendor :STMicroelectronics X-CUBE-GNSS1 6.0.0
2024-11-28 16:36:31,758 [INFO] ThirdParty:967 - CMSIS Pack Vendor :STMicroelectronics USB_HOST 2.0.0
2024-11-28 16:36:31,758 [INFO] ThirdParty:967 - CMSIS Pack Vendor :STMicroelectronics X-CUBE-AZRTOS-F4 1.1.0
2024-11-28 16:36:31,758 [INFO] ThirdParty:967 - CMSIS Pack Vendor :STMicroelectronics FP-ATR-ASTRA1 2.0.1
2024-11-28 16:36:31,758 [INFO] ThirdParty:967 - CMSIS Pack Vendor :STMicroelectronics X-CUBE-WB05N 1.1.0
2024-11-28 16:36:31,758 [INFO] ThirdParty:967 - CMSIS Pack Vendor :STMicroelectronics USB_DEVICE 3.0.0
2024-11-28 16:36:31,758 [INFO] ThirdParty:967 - CMSIS Pack Vendor :STMicroelectronics X-CUBE-ISPU 2.1.0
2024-11-28 16:36:31,758 [INFO] ThirdParty:967 - CMSIS Pack Vendor :STMicroelectronics X-CUBE-AZRTOS-WB 2.0.0
2024-11-28 16:36:31,758 [INFO] ThirdParty:967 - CMSIS Pack Vendor :STMicroelectronics X-CUBE-GNSS1 7.0.0
2024-11-28 16:36:31,758 [INFO] ThirdParty:967 - CMSIS Pack Vendor :STMicroelectronics X-CUBE-AZRTOS-F7 1.1.0
2024-11-28 16:36:31,758 [INFO] ThirdParty:967 - CMSIS Pack Vendor :STMicroelectronics X-CUBE-AZRTOS-L5 2.0.0
2024-11-28 16:36:31,758 [INFO] ThirdParty:967 - CMSIS Pack Vendor :STMicroelectronics USB_DEVICE 2.0.0
2024-11-28 16:36:31,758 [INFO] ThirdParty:967 - CMSIS Pack Vendor :STMicroelectronics X-CUBE-NFC6 3.1.0
2024-11-28 16:36:31,758 [INFO] ThirdParty:967 - CMSIS Pack Vendor :STMicroelectronics X-CUBE-MEMS1 11.0.0
2024-11-28 16:36:31,758 [INFO] ThirdParty:967 - CMSIS Pack Vendor :STMicroelectronics FreeRTOS 0.0.1
2024-11-28 16:36:31,758 [INFO] ThirdParty:967 - CMSIS Pack Vendor :STMicroelectronics X-CUBE-AZRTOS-G0 1.1.0
2024-11-28 16:36:31,758 [INFO] ThirdParty:967 - CMSIS Pack Vendor :STMicroelectronics X-CUBE-SAFEA1 1.2.2
2024-11-28 16:36:31,758 [INFO] ThirdParty:967 - CMSIS Pack Vendor :STMicroelectronics X-CUBE-NFC4 3.0.0
2024-11-28 16:36:31,758 [INFO] ThirdParty:967 - CMSIS Pack Vendor :STMicroelectronics X-CUBE-SUBG2 5.0.0
2024-11-28 16:36:31,758 [INFO] ThirdParty:967 - CMSIS Pack Vendor :STMicroelectronics lwIP 2.0.3
2024-11-28 16:36:31,759 [INFO] ThirdParty:967 - CMSIS Pack Vendor :STMicroelectronics USB_HOST 1.0.0
2024-11-28 16:36:31,759 [INFO] ThirdParty:967 - CMSIS Pack Vendor :STMicroelectronics X-CUBE-AI 9.0.0
2024-11-28 16:36:31,759 [INFO] ThirdParty:967 - CMSIS Pack Vendor :STMicroelectronics X-CUBE-AZRTOS-G4 2.0.0
2024-11-28 16:36:31,759 [INFO] ThirdParty:967 - CMSIS Pack Vendor :STMicroelectronics PDM2PCM 3.1.0
2024-11-28 16:36:31,759 [INFO] ThirdParty:967 - CMSIS Pack Vendor :STMicroelectronics PDM2PCM 3.3.0
2024-11-28 16:36:31,759 [INFO] ThirdParty:967 - CMSIS Pack Vendor :STMicroelectronics X-CUBE-BLE1 7.0.0
2024-11-28 16:36:31,759 [INFO] ThirdParty:967 - CMSIS Pack Vendor :STMicroelectronics FP-ATR-SIGFOX1 3.2.0
2024-11-28 16:36:31,759 [INFO] ThirdParty:967 - CMSIS Pack Vendor :STMicroelectronics X-CUBE-NFC10 1.0.0
2024-11-28 16:36:31,759 [INFO] ThirdParty:967 - CMSIS Pack Vendor :wolfSSL I-CUBE-wolfSSL 5.7.2
2024-11-28 16:36:31,759 [INFO] ThirdParty:967 - CMSIS Pack Vendor :STMicroelectronics X-CUBE-ISPU 2.0.0
2024-11-28 16:36:31,759 [INFO] ThirdParty:967 - CMSIS Pack Vendor :STMicroelectronics X-CUBE-EEPRMA1 5.1.0
2024-11-28 16:36:31,759 [INFO] ThirdParty:967 - CMSIS Pack Vendor :STMicroelectronics HAL Drivers 0.0.0
2024-11-28 16:36:31,759 [INFO] ThirdParty:967 - CMSIS Pack Vendor :STMicroelectronics MBEDTLS 2.16.2
2024-11-28 16:36:31,759 [INFO] ThirdParty:967 - CMSIS Pack Vendor :STMicroelectronics X-CUBE-NFC7 1.0.1
2024-11-28 16:36:31,759 [INFO] ThirdParty:967 - CMSIS Pack Vendor :STMicroelectronics MBEDTLS 2.14.1
2024-11-28 16:36:31,759 [INFO] ThirdParty:967 - CMSIS Pack Vendor :STMicroelectronics X-CUBE-TOUCHGFX 4.24.0
2024-11-28 16:36:31,759 [INFO] ThirdParty:967 - CMSIS Pack Vendor :STMicroelectronics X-CUBE-TOUCHGFX 4.24.1
2024-11-28 16:36:31,759 [INFO] ThirdParty:967 - CMSIS Pack Vendor :wolfSSL I-CUBE-wolfTPM 3.4.0
2024-11-28 16:36:31,759 [INFO] ThirdParty:967 - CMSIS Pack Vendor :portGmbH I-Cube-SoM-uGOAL 1.1.0
2024-11-28 16:36:31,759 [INFO] ThirdParty:967 - CMSIS Pack Vendor :STMicroelectronics X-CUBE-AZRTOS-WL 2.0.0
2024-11-28 16:36:31,759 [INFO] ThirdParty:967 - CMSIS Pack Vendor :SEGGER I-CUBE-embOS 1.3.1
2024-11-28 16:36:31,759 [INFO] ThirdParty:967 - CMSIS Pack Vendor :STMicroelectronics X-CUBE-ALGOBUILD 1.4.0
2024-11-28 16:36:31,759 [INFO] ThirdParty:967 - CMSIS Pack Vendor :STMicroelectronics USB_DEVICE 1.0.0
2024-11-28 16:36:31,759 [INFO] ThirdParty:967 - CMSIS Pack Vendor :STMicroelectronics X-CUBE-AZRTOS-H7RS 1.0.0
2024-11-28 16:36:31,759 [INFO] ThirdParty:967 - CMSIS Pack Vendor :wolfSSL I-CUBE-wolfMQTT 1.19.0
2024-11-28 16:36:31,760 [INFO] ThirdParty:967 - CMSIS Pack Vendor :STMicroelectronics X-CUBE-AZRTOS-L4 2.0.0
2024-11-28 16:36:31,760 [INFO] ThirdParty:967 - CMSIS Pack Vendor :STMicroelectronics ThreadX 0.0.2
2024-11-28 16:36:31,760 [INFO] ThirdParty:967 - CMSIS Pack Vendor :WES I-CUBE-Cesium 1.3.0
2024-11-28 16:36:31,760 [INFO] ThirdParty:967 - CMSIS Pack Vendor :STMicroelectronics FP-ATR-ASTRA1 2.0.0
2024-11-28 16:36:31,760 [INFO] ThirdParty:967 - CMSIS Pack Vendor :STMicroelectronics lwIP 2.1.2
2024-11-28 16:36:31,760 [INFO] ThirdParty:967 - CMSIS Pack Vendor :STMicroelectronics X-CUBE-SFXS2LP1 4.0.0
2024-11-28 16:36:31,760 [INFO] ThirdParty:967 - CMSIS Pack Vendor :STMicroelectronics X-CUBE-BLE2 3.3.0
2024-11-28 16:36:31,760 [INFO] ThirdParty:967 - CMSIS Pack Vendor :STMicroelectronics X-CUBE-AI 9.1.0
2024-11-28 16:36:31,760 [INFO] ThirdParty:967 - CMSIS Pack Vendor :STMicroelectronics PDM2PCM 3.2.0
2024-11-28 16:36:31,760 [INFO] ThirdParty:967 - CMSIS Pack Vendor :wolfSSL I-CUBE-wolfSSH 1.4.17
2024-11-28 16:36:31,760 [INFO] ThirdParty:787 - exiting critical section [change project]
2024-11-28 16:36:31,914 [INFO] PinOutPanel:1463 - setPackage(No Configuration,No Configuration)
2024-11-28 16:36:31,915 [INFO] PinOutPanel:1463 - setPackage(STM32F103C6Ux,UFQFPN48)
2024-11-28 16:36:32,231 [INFO] UtilMem:74 - Before build in PCC Used Memory: 711526848 Bytes (814743552)
2024-11-28 16:36:32,750 [INFO] UtilMem:74 - After build in PCC Used Memory: 713772128 Bytes (814743552)
2024-11-28 16:36:32,770 [INFO] IPUIPlugin:74 - create IPUIPlugin
2024-11-28 16:36:32,770 [INFO] IPUIPlugin:74 - create IPUIPlugin
2024-11-28 16:36:32,770 [INFO] IPUIPlugin:74 - create IPUIPlugin
2024-11-28 16:36:32,770 [INFO] IPUIPlugin:74 - create IPUIPlugin
2024-11-28 16:36:32,770 [INFO] IPUIPlugin:74 - create IPUIPlugin
2024-11-28 16:36:32,771 [INFO] IPUIPlugin:74 - create IPUIPlugin
2024-11-28 16:36:32,771 [INFO] IPUIPlugin:74 - create IPUIPlugin
2024-11-28 16:36:32,771 [INFO] IPUIPlugin:74 - create IPUIPlugin
2024-11-28 16:36:32,771 [INFO] IPUIPlugin:74 - create IPUIPlugin
2024-11-28 16:36:32,771 [INFO] IPUIPlugin:74 - create IPUIPlugin
2024-11-28 16:36:32,771 [INFO] IPUIPlugin:74 - create IPUIPlugin
2024-11-28 16:36:32,772 [INFO] IPUIPlugin:74 - create IPUIPlugin
2024-11-28 16:36:32,772 [INFO] IPUIPlugin:74 - create IPUIPlugin
2024-11-28 16:36:32,772 [INFO] IPUIPlugin:74 - create IPUIPlugin
2024-11-28 16:36:32,772 [INFO] IPUIPlugin:74 - create IPUIPlugin
2024-11-28 16:36:32,772 [INFO] IPUIPlugin:74 - create IPUIPlugin
2024-11-28 16:36:32,773 [INFO] IPUIPlugin:74 - create IPUIPlugin
2024-11-28 16:36:32,773 [INFO] IPUIPlugin:74 - create IPUIPlugin
2024-11-28 16:36:32,773 [INFO] IPUIPlugin:74 - create IPUIPlugin
2024-11-28 16:36:32,773 [INFO] IPUIPlugin:74 - create IPUIPlugin
2024-11-28 16:36:32,774 [INFO] IPUIPlugin:74 - create IPUIPlugin
2024-11-28 16:36:32,774 [INFO] IPUIPlugin:74 - create IPUIPlugin
2024-11-28 16:36:32,774 [INFO] IPUIPlugin:74 - create IPUIPlugin
2024-11-28 16:36:32,895 [INFO] OpenFileManager:333 - Restore cursor
2024-11-28 16:36:33,134 [INFO] UtilMem:74 - End SaveConfig() Used Memory: 701181632 Bytes (814743552)
2024-11-28 16:36:33,183 [INFO] UtilMem:74 - End SaveConfig() Used Memory: 713084008 Bytes (814743552)
2024-11-28 16:36:33,475 [INFO] BlockDiagram:2740 - set Specific Code input for plugin: NVIC
2024-11-28 16:36:33,476 [INFO] BlockDiagram:2740 - set Specific Code input for plugin: SYS
2024-11-28 16:36:33,476 [INFO] BlockDiagram:2740 - set Specific Code input for plugin: RCC
2024-11-28 16:36:33,476 [INFO] CodeGenerator:663 - code generatio: config db path: C:\ST\STM32CubeIDE_1.7.0\STM32CubeIDE\plugins\com.st.stm32cube.common.mx_6.3.0.202107141111\\db\
2024-11-28 16:36:33,796 [INFO] CodeEngine:239 - oldGeneratedFile, E:\BKU\Se241\CO3009_MM\Experiments\L06_2110142_Lab4\STM32_lab4\Scheduler\MXTmpFiles\license.tmp_save
2024-11-28 16:36:34,115 [INFO] CodeEngine:257 - Generated code: E:\BKU\Se241\CO3009_MM\Experiments\L06_2110142_Lab4\STM32_lab4\Scheduler\MXTmpFiles\license.tmp
2024-11-28 16:36:34,212 [INFO] CodeEngine:239 - oldGeneratedFile, E:\BKU\Se241\CO3009_MM\Experiments\L06_2110142_Lab4\STM32_lab4\Scheduler\Core\Src\stm32f1xx_it.c_save
2024-11-28 16:36:34,328 [INFO] CodeEngine:257 - Generated code: E:\BKU\Se241\CO3009_MM\Experiments\L06_2110142_Lab4\STM32_lab4\Scheduler\Core\Src\stm32f1xx_it.c
2024-11-28 16:36:34,337 [INFO] CodeEngine:239 - oldGeneratedFile, E:\BKU\Se241\CO3009_MM\Experiments\L06_2110142_Lab4\STM32_lab4\Scheduler\Core\Inc\stm32f1xx_it.h_save
2024-11-28 16:36:34,400 [INFO] CodeEngine:257 - Generated code: E:\BKU\Se241\CO3009_MM\Experiments\L06_2110142_Lab4\STM32_lab4\Scheduler\Core\Inc\stm32f1xx_it.h
2024-11-28 16:36:34,417 [INFO] CodeEngine:239 - oldGeneratedFile, E:\BKU\Se241\CO3009_MM\Experiments\L06_2110142_Lab4\STM32_lab4\Scheduler\Core\Src\stm32f1xx_hal_msp.c_save
2024-11-28 16:36:34,524 [INFO] CodeEngine:257 - Generated code: E:\BKU\Se241\CO3009_MM\Experiments\L06_2110142_Lab4\STM32_lab4\Scheduler\Core\Src\stm32f1xx_hal_msp.c
2024-11-28 16:36:34,532 [INFO] CodeEngine:239 - oldGeneratedFile, E:\BKU\Se241\CO3009_MM\Experiments\L06_2110142_Lab4\STM32_lab4\Scheduler\MXTmpFiles\system.tmp_save
2024-11-28 16:36:34,584 [INFO] CodeEngine:257 - Generated code: E:\BKU\Se241\CO3009_MM\Experiments\L06_2110142_Lab4\STM32_lab4\Scheduler\MXTmpFiles\system.tmp
2024-11-28 16:36:34,605 [INFO] CodeEngine:239 - oldGeneratedFile, E:\BKU\Se241\CO3009_MM\Experiments\L06_2110142_Lab4\STM32_lab4\Scheduler\Core\Inc\stm32f1xx_hal_conf.h_save
2024-11-28 16:36:34,686 [INFO] CodeEngine:257 - Generated code: E:\BKU\Se241\CO3009_MM\Experiments\L06_2110142_Lab4\STM32_lab4\Scheduler\Core\Inc\stm32f1xx_hal_conf.h
2024-11-28 16:36:34,765 [INFO] CodeEngine:239 - oldGeneratedFile, E:\BKU\Se241\CO3009_MM\Experiments\L06_2110142_Lab4\STM32_lab4\Scheduler\Core\Inc\main.h_save
2024-11-28 16:36:34,892 [INFO] CodeEngine:257 - Generated code: E:\BKU\Se241\CO3009_MM\Experiments\L06_2110142_Lab4\STM32_lab4\Scheduler\Core\Inc\main.h
2024-11-28 16:36:34,908 [INFO] CodeEngine:239 - oldGeneratedFile, E:\BKU\Se241\CO3009_MM\Experiments\L06_2110142_Lab4\STM32_lab4\Scheduler\Core\Src\main.c_save
2024-11-28 16:36:35,059 [INFO] CodeEngine:257 - Generated code: E:\BKU\Se241\CO3009_MM\Experiments\L06_2110142_Lab4\STM32_lab4\Scheduler\Core\Src\main.c
2024-11-28 16:36:36,066 [INFO] ProjectBuilder:2578 - Time for Copy HAL[1] : 82mS.
2024-11-28 16:36:36,073 [INFO] ProjectBuilder:3622 - Project Generator version: 3.14.1
2024-11-28 16:36:36,626 [INFO] ConfigFileManager:1271 - The Die is : DIE412
2024-11-28 16:36:36,681 [INFO] ApiDbMcu:468 - Load IP Config File for FATFS
2024-11-28 16:36:36,722 [INFO] ApiDbMcu:468 - Load IP Config File for FREERTOS
2024-11-28 16:36:36,751 [INFO] ApiDbMcu:468 - Load IP Config File for USB_DEVICE
2024-11-28 16:36:41,053 [INFO] ProjectBuilder:3789 - Time for Generating toolchain IDE Files: 4980mS.
2024-11-28 16:36:41,054 [INFO] ProjectBuilder:2457 - Time for Copy CMSIS : 1mS.
2024-11-28 16:36:41,055 [INFO] ProjectBuilder:2457 - Time for Copy CMSIS : 0mS.
2024-11-28 16:36:41,922 [INFO] McuFinderGlobals:52 - Set McuFinderConnectedMode to true
2024-11-28 16:36:41,923 [INFO] ApiDb:276 - Save user favorites file C:\Users\NGUYEN GIAP/.stm32cubeide/favorites.mcus.txt: 0 item(s)
2024-11-28 16:36:41,923 [INFO] ApiDb:280 - User favorites MCUs=[]
2024-11-28 16:43:13,158 [INFO] UtilMem:74 - End SaveConfig() Used Memory: 946642144 Bytes (1073741824)
2024-11-28 16:43:19,134 [INFO] Gpio:254 - dependency for GPIO []
2024-11-28 16:43:34,680 [INFO] Gpio:254 - dependency for GPIO []
2024-11-28 16:43:36,617 [INFO] NvicIntPanel:96 - NVIC parent = com.st.microxplorer.plugins.ip.nvic.MultiNvicIntPanel[,0,0,0x0,invalid,layout=javax.swing.BoxLayout,alignmentX=0.0,alignmentY=0.0,border=,flags=9,maximumSize=,minimumSize=,preferredSize=]
2024-11-28 16:43:51,617 [INFO] NvicIntPanel:96 - NVIC parent = com.st.microxplorer.plugins.ip.nvic.MultiNvicIntPanel[,0,0,450x186,layout=javax.swing.BoxLayout,alignmentX=0.0,alignmentY=0.0,border=,flags=9,maximumSize=,minimumSize=,preferredSize=]
2024-11-28 16:43:54,898 [INFO] UtilMem:74 - End SaveConfig() Used Memory: 934094048 Bytes (1073741824)
2024-11-28 16:43:56,436 [INFO] UtilMem:74 - End SaveConfig() Used Memory: 858546560 Bytes (1073741824)
2024-11-28 16:43:58,463 [INFO] UtilMem:74 - End SaveConfig() Used Memory: 937200176 Bytes (1073741824)
2024-11-28 16:43:58,775 [INFO] BlockDiagram:2740 - set Specific Code input for plugin: NVIC
2024-11-28 16:43:58,775 [INFO] BlockDiagram:2740 - set Specific Code input for plugin: SYS
2024-11-28 16:43:58,775 [INFO] BlockDiagram:2740 - set Specific Code input for plugin: GPIO
2024-11-28 16:43:58,776 [INFO] BlockDiagram:2740 - set Specific Code input for plugin: RCC
2024-11-28 16:43:58,776 [INFO] BlockDiagram:2740 - set Specific Code input for plugin: TIM1_8F1
2024-11-28 16:43:58,776 [INFO] CodeGenerator:663 - code generatio: config db path: C:\ST\STM32CubeIDE_1.7.0\STM32CubeIDE\plugins\com.st.stm32cube.common.mx_6.3.0.202107141111\\db\
2024-11-28 16:43:59,110 [INFO] CodeEngine:239 - oldGeneratedFile, E:\BKU\Se241\CO3009_MM\Experiments\L06_2110142_Lab4\STM32_lab4\Scheduler\MXTmpFiles\license.tmp_save
2024-11-28 16:43:59,187 [INFO] CodeEngine:257 - Generated code: E:\BKU\Se241\CO3009_MM\Experiments\L06_2110142_Lab4\STM32_lab4\Scheduler\MXTmpFiles\license.tmp
2024-11-28 16:43:59,282 [INFO] CodeEngine:239 - oldGeneratedFile, E:\BKU\Se241\CO3009_MM\Experiments\L06_2110142_Lab4\STM32_lab4\Scheduler\MXTmpFiles\gpio.tmp_save
2024-11-28 16:43:59,350 [INFO] CodeEngine:257 - Generated code: E:\BKU\Se241\CO3009_MM\Experiments\L06_2110142_Lab4\STM32_lab4\Scheduler\MXTmpFiles\gpio.tmp
2024-11-28 16:43:59,524 [INFO] CodeEngine:239 - oldGeneratedFile, E:\BKU\Se241\CO3009_MM\Experiments\L06_2110142_Lab4\STM32_lab4\Scheduler\Core\Src\stm32f1xx_it.c_save
2024-11-28 16:43:59,619 [INFO] CodeEngine:257 - Generated code: E:\BKU\Se241\CO3009_MM\Experiments\L06_2110142_Lab4\STM32_lab4\Scheduler\Core\Src\stm32f1xx_it.c
2024-11-28 16:43:59,623 [INFO] CodeEngine:239 - oldGeneratedFile, E:\BKU\Se241\CO3009_MM\Experiments\L06_2110142_Lab4\STM32_lab4\Scheduler\Core\Inc\stm32f1xx_it.h_save
2024-11-28 16:43:59,684 [INFO] CodeEngine:257 - Generated code: E:\BKU\Se241\CO3009_MM\Experiments\L06_2110142_Lab4\STM32_lab4\Scheduler\Core\Inc\stm32f1xx_it.h
2024-11-28 16:43:59,698 [INFO] CodeEngine:239 - oldGeneratedFile, E:\BKU\Se241\CO3009_MM\Experiments\L06_2110142_Lab4\STM32_lab4\Scheduler\Core\Src\stm32f1xx_hal_msp.c_save
2024-11-28 16:43:59,794 [INFO] CodeEngine:257 - Generated code: E:\BKU\Se241\CO3009_MM\Experiments\L06_2110142_Lab4\STM32_lab4\Scheduler\Core\Src\stm32f1xx_hal_msp.c
2024-11-28 16:43:59,797 [INFO] CodeEngine:239 - oldGeneratedFile, E:\BKU\Se241\CO3009_MM\Experiments\L06_2110142_Lab4\STM32_lab4\Scheduler\MXTmpFiles\system.tmp_save
2024-11-28 16:43:59,833 [INFO] CodeEngine:257 - Generated code: E:\BKU\Se241\CO3009_MM\Experiments\L06_2110142_Lab4\STM32_lab4\Scheduler\MXTmpFiles\system.tmp
2024-11-28 16:43:59,846 [INFO] CodeEngine:239 - oldGeneratedFile, E:\BKU\Se241\CO3009_MM\Experiments\L06_2110142_Lab4\STM32_lab4\Scheduler\Core\Inc\stm32f1xx_hal_conf.h_save
2024-11-28 16:43:59,920 [INFO] CodeEngine:257 - Generated code: E:\BKU\Se241\CO3009_MM\Experiments\L06_2110142_Lab4\STM32_lab4\Scheduler\Core\Inc\stm32f1xx_hal_conf.h
2024-11-28 16:43:59,933 [WARN] IPConfigManager:3148 - IP not found : TIM
2024-11-28 16:43:59,934 [WARN] CodeGenerator:3268 - IP not found : null
2024-11-28 16:43:59,947 [INFO] CodeEngine:239 - oldGeneratedFile, E:\BKU\Se241\CO3009_MM\Experiments\L06_2110142_Lab4\STM32_lab4\Scheduler\Core\Inc\main.h_save
2024-11-28 16:44:00,016 [INFO] CodeEngine:257 - Generated code: E:\BKU\Se241\CO3009_MM\Experiments\L06_2110142_Lab4\STM32_lab4\Scheduler\Core\Inc\main.h
2024-11-28 16:44:00,029 [INFO] CodeEngine:239 - oldGeneratedFile, E:\BKU\Se241\CO3009_MM\Experiments\L06_2110142_Lab4\STM32_lab4\Scheduler\Core\Src\main.c_save
2024-11-28 16:44:00,167 [INFO] CodeEngine:257 - Generated code: E:\BKU\Se241\CO3009_MM\Experiments\L06_2110142_Lab4\STM32_lab4\Scheduler\Core\Src\main.c
2024-11-28 16:44:01,278 [INFO] ProjectBuilder:2578 - Time for Copy HAL[1] : 52mS.
2024-11-28 16:44:01,282 [INFO] ProjectBuilder:3622 - Project Generator version: 3.14.1
2024-11-28 16:44:01,683 [INFO] ConfigFileManager:1271 - The Die is : DIE412
2024-11-28 16:44:03,905 [INFO] ProjectBuilder:3789 - Time for Generating toolchain IDE Files: 2623mS.
2024-11-28 16:44:03,905 [INFO] ProjectBuilder:2457 - Time for Copy CMSIS : 0mS.
2024-11-28 16:44:03,906 [INFO] ProjectBuilder:2457 - Time for Copy CMSIS : 0mS.
